

Processing SiteController#index (for 127.0.0.1 at 2009-05-02 18:16:32) [GET]
Rendering template within layouts/application
Rendering site/index
Completed in 109ms (View: 107, DB: 0) | 200 OK [http://localhost/site]


Processing ApplicationController#index (for 127.0.0.1 at 2009-05-02 18:16:32) [GET]

ActionController::RoutingError (No route matches "/modules/node/node.css" with {:method=>:get}):
  

Rendering rescues/layout (not_found)


Processing ApplicationController#index (for 127.0.0.1 at 2009-05-02 18:16:32) [GET]

ActionController::RoutingError (No route matches "/modules/user/user.css" with {:method=>:get}):
  

Rendering rescues/layout (not_found)


Processing ApplicationController#index (for 127.0.0.1 at 2009-05-02 18:16:32) [GET]

ActionController::RoutingError (No route matches "/modules/system/system.css" with {:method=>:get}):
  

Rendering rescues/layout (not_found)


Processing ApplicationController#index (for 127.0.0.1 at 2009-05-02 18:16:32) [GET]

ActionController::RoutingError (No route matches "/modules/system/defaults.css" with {:method=>:get}):
  

Rendering rescues/layout (not_found)


Processing ApplicationController#index (for 127.0.0.1 at 2009-05-02 18:16:32) [GET]

ActionController::RoutingError (No route matches "/misc/jquery.js" with {:method=>:get}):
  

Rendering rescues/layout (not_found)


Processing ApplicationController#index (for 127.0.0.1 at 2009-05-02 18:16:32) [GET]

ActionController::RoutingError (No route matches "/sites/all/themes/drigg_theme/style.css" with {:method=>:get}):
  

Rendering rescues/layout (not_found)


Processing ApplicationController#index (for 127.0.0.1 at 2009-05-02 18:16:32) [GET]

ActionController::RoutingError (No route matches "/sites/all/modules/tagadelic/tagadelic.css" with {:method=>:get}):
  

Rendering rescues/layout (not_found)


Processing ApplicationController#index (for 127.0.0.1 at 2009-05-02 18:16:32) [GET]

ActionController::RoutingError (No route matches "/sites/all/modules/extra_voting_forms/widgets/default/extra_voting_forms_all.css" with {:method=>:get}):
  

Rendering rescues/layout (not_found)


Processing ApplicationController#index (for 127.0.0.1 at 2009-05-02 18:16:32) [GET]

ActionController::RoutingError (No route matches "/misc/drupal.js" with {:method=>:get}):
  

Rendering rescues/layout (not_found)


Processing ApplicationController#index (for 127.0.0.1 at 2009-05-02 18:16:32) [GET]

ActionController::RoutingError (No route matches "/sites/all/modules/drigg/drigg/drigg.js" with {:method=>:get}):
  

Rendering rescues/layout (not_found)


Processing ApplicationController#index (for 127.0.0.1 at 2009-05-02 18:16:32) [GET]

ActionController::RoutingError (No route matches "/sites/all/modules/extra_voting_forms/extra_voting_forms.js" with {:method=>:get}):
  

Rendering rescues/layout (not_found)


Processing ApplicationController#index (for 127.0.0.1 at 2009-05-02 18:16:32) [GET]

ActionController::RoutingError (No route matches "/misc/collapse-fix.js" with {:method=>:get}):
  

Rendering rescues/layout (not_found)


Processing ApplicationController#index (for 127.0.0.1 at 2009-05-02 18:16:32) [GET]

ActionController::RoutingError (No route matches "/misc/compat-1.0.js" with {:method=>:get}):
  

Rendering rescues/layout (not_found)


Processing ApplicationController#index (for 127.0.0.1 at 2009-05-02 18:16:32) [GET]

ActionController::RoutingError (No route matches "/sites/all/themes/drigg_theme/img/block_feedicon.gif" with {:method=>:get}):
  

Rendering rescues/layout (not_found)


Processing ApplicationController#index (for 127.0.0.1 at 2009-05-02 18:16:32) [GET]

ActionController::RoutingError (No route matches "/sites/all//themes/drigg_theme/img/block_feedicon.gif" with {:method=>:get}):
  

Rendering rescues/layout (not_found)


Processing ApplicationController#index (for 127.0.0.1 at 2009-05-02 18:16:33) [GET]

ActionController::RoutingError (No route matches "/sites/all/themes/drigg_theme/img/drigg_80_15.gif" with {:method=>:get}):
  

Rendering rescues/layout (not_found)


Processing ApplicationController#index (for 127.0.0.1 at 2009-05-02 18:16:35) [GET]

ActionController::RoutingError (No route matches "/sites/all/themes/drigg_theme/favicon.ico" with {:method=>:get}):
  

Rendering rescues/layout (not_found)


Processing SiteController#index (for 127.0.0.1 at 2009-05-02 18:25:40) [GET]
Rendering template within layouts/application
Rendering site/index

ActionView::TemplateError (No expansion found for :defaults) on line #10 of app/views/layouts/application.html.erb:
7: 	<link rel="alternate" type="application/rss+xml" title="Lost Jungles RSS" href="http://www.lostjungles.com/feed/published/All" />
8: 
9: 	<link rel="shortcut icon" href="/favicon.ico" type="image/x-icon" />
10: 	<%= stylesheet_link_tag :defaults %>
11: 	<style type="text/css" media="all">@import "/modules/node/node.css";</style>
12: 	<style type="text/css" media="all">@import "/modules/system/defaults.css";</style>
13: 	<style type="text/css" media="all">@import "/modules/system/system.css";</style>

    app/views/layouts/application.html.erb:10

Rendered rescues/_trace (120.9ms)
Rendered rescues/_request_and_response (1.7ms)
Rendering rescues/layout (internal_server_error)


Processing SiteController#index (for 127.0.0.1 at 2009-05-02 18:28:06) [GET]
Rendering template within layouts/application
Rendering site/index
Completed in 52ms (View: 50, DB: 0) | 200 OK [http://localhost/site]


Processing ApplicationController#index (for 127.0.0.1 at 2009-05-02 18:28:06) [GET]

ActionController::RoutingError (No route matches "/modules/system/defaults.css" with {:method=>:get}):
  

Rendering rescues/layout (not_found)


Processing ApplicationController#index (for 127.0.0.1 at 2009-05-02 18:28:06) [GET]

ActionController::RoutingError (No route matches "/modules/system/system.css" with {:method=>:get}):
  

Rendering rescues/layout (not_found)


Processing ApplicationController#index (for 127.0.0.1 at 2009-05-02 18:28:06) [GET]

ActionController::RoutingError (No route matches "/modules/node/node.css" with {:method=>:get}):
  

Rendering rescues/layout (not_found)


Processing ApplicationController#index (for 127.0.0.1 at 2009-05-02 18:28:06) [GET]

ActionController::RoutingError (No route matches "/modules/user/user.css" with {:method=>:get}):
  

Rendering rescues/layout (not_found)


Processing ApplicationController#index (for 127.0.0.1 at 2009-05-02 18:28:06) [GET]

ActionController::RoutingError (No route matches "/sites/all/themes/drigg_theme/style.css" with {:method=>:get}):
  

Rendering rescues/layout (not_found)


Processing ApplicationController#index (for 127.0.0.1 at 2009-05-02 18:28:06) [GET]

ActionController::RoutingError (No route matches "/sites/all/modules/extra_voting_forms/widgets/default/extra_voting_forms_all.css" with {:method=>:get}):
  

Rendering rescues/layout (not_found)


Processing ApplicationController#index (for 127.0.0.1 at 2009-05-02 18:28:06) [GET]

ActionController::RoutingError (No route matches "/sites/all/modules/tagadelic/tagadelic.css" with {:method=>:get}):
  

Rendering rescues/layout (not_found)


Processing ApplicationController#index (for 127.0.0.1 at 2009-05-02 18:28:06) [GET]

ActionController::RoutingError (No route matches "/misc/jquery.js" with {:method=>:get}):
  

Rendering rescues/layout (not_found)


Processing ApplicationController#index (for 127.0.0.1 at 2009-05-02 18:28:06) [GET]

ActionController::RoutingError (No route matches "/misc/drupal.js" with {:method=>:get}):
  

Rendering rescues/layout (not_found)


Processing ApplicationController#index (for 127.0.0.1 at 2009-05-02 18:28:06) [GET]

ActionController::RoutingError (No route matches "/sites/all/modules/drigg/drigg/drigg.js" with {:method=>:get}):
  

Rendering rescues/layout (not_found)


Processing ApplicationController#index (for 127.0.0.1 at 2009-05-02 18:28:06) [GET]

ActionController::RoutingError (No route matches "/sites/all/modules/extra_voting_forms/extra_voting_forms.js" with {:method=>:get}):
  

Rendering rescues/layout (not_found)


Processing ApplicationController#index (for 127.0.0.1 at 2009-05-02 18:28:06) [GET]

ActionController::RoutingError (No route matches "/misc/collapse-fix.js" with {:method=>:get}):
  

Rendering rescues/layout (not_found)


Processing ApplicationController#index (for 127.0.0.1 at 2009-05-02 18:28:06) [GET]

ActionController::RoutingError (No route matches "/misc/compat-1.0.js" with {:method=>:get}):
  

Rendering rescues/layout (not_found)


Processing ApplicationController#index (for 127.0.0.1 at 2009-05-02 18:28:06) [GET]

ActionController::RoutingError (No route matches "/sites/all//themes/drigg_theme/img/block_feedicon.gif" with {:method=>:get}):
  

Rendering rescues/layout (not_found)


Processing ApplicationController#index (for 127.0.0.1 at 2009-05-02 18:28:06) [GET]

ActionController::RoutingError (No route matches "/sites/all/themes/drigg_theme/img/block_feedicon.gif" with {:method=>:get}):
  

Rendering rescues/layout (not_found)


Processing ApplicationController#index (for 127.0.0.1 at 2009-05-02 18:28:06) [GET]

ActionController::RoutingError (No route matches "/sites/all/themes/drigg_theme/img/drigg_80_15.gif" with {:method=>:get}):
  

Rendering rescues/layout (not_found)


Processing SiteController#index (for 127.0.0.1 at 2009-05-02 18:31:02) [GET]
Rendering template within layouts/application
Rendering site/index
Completed in 55ms (View: 53, DB: 0) | 200 OK [http://localhost/site]


Processing ApplicationController#index (for 127.0.0.1 at 2009-05-02 18:31:02) [GET]

ActionController::RoutingError (No route matches "/modules/system/defaults.css" with {:method=>:get}):
  

Rendering rescues/layout (not_found)


Processing ApplicationController#index (for 127.0.0.1 at 2009-05-02 18:31:02) [GET]

ActionController::RoutingError (No route matches "/modules/node/node.css" with {:method=>:get}):
  

Rendering rescues/layout (not_found)


Processing ApplicationController#index (for 127.0.0.1 at 2009-05-02 18:31:02) [GET]

ActionController::RoutingError (No route matches "/modules/system/system.css" with {:method=>:get}):
  

Rendering rescues/layout (not_found)


Processing ApplicationController#index (for 127.0.0.1 at 2009-05-02 18:31:02) [GET]

ActionController::RoutingError (No route matches "/modules/user/user.css" with {:method=>:get}):
  

Rendering rescues/layout (not_found)


Processing ApplicationController#index (for 127.0.0.1 at 2009-05-02 18:31:02) [GET]

ActionController::RoutingError (No route matches "/sites/all/modules/extra_voting_forms/widgets/default/extra_voting_forms_all.css" with {:method=>:get}):
  

Rendering rescues/layout (not_found)


Processing ApplicationController#index (for 127.0.0.1 at 2009-05-02 18:31:02) [GET]

ActionController::RoutingError (No route matches "/sites/all/modules/tagadelic/tagadelic.css" with {:method=>:get}):
  

Rendering rescues/layout (not_found)


Processing ApplicationController#index (for 127.0.0.1 at 2009-05-02 18:31:02) [GET]

ActionController::RoutingError (No route matches "/sites/all/themes/drigg_theme/style.css" with {:method=>:get}):
  

Rendering rescues/layout (not_found)


Processing ApplicationController#index (for 127.0.0.1 at 2009-05-02 18:31:02) [GET]

ActionController::RoutingError (No route matches "/misc/jquery.js" with {:method=>:get}):
  

Rendering rescues/layout (not_found)


Processing ApplicationController#index (for 127.0.0.1 at 2009-05-02 18:31:02) [GET]

ActionController::RoutingError (No route matches "/misc/drupal.js" with {:method=>:get}):
  

Rendering rescues/layout (not_found)


Processing ApplicationController#index (for 127.0.0.1 at 2009-05-02 18:31:02) [GET]

ActionController::RoutingError (No route matches "/sites/all/modules/drigg/drigg/drigg.js" with {:method=>:get}):
  

Rendering rescues/layout (not_found)


Processing ApplicationController#index (for 127.0.0.1 at 2009-05-02 18:31:02) [GET]

ActionController::RoutingError (No route matches "/sites/all/modules/extra_voting_forms/extra_voting_forms.js" with {:method=>:get}):
  

Rendering rescues/layout (not_found)


Processing ApplicationController#index (for 127.0.0.1 at 2009-05-02 18:31:02) [GET]

ActionController::RoutingError (No route matches "/misc/collapse-fix.js" with {:method=>:get}):
  

Rendering rescues/layout (not_found)


Processing ApplicationController#index (for 127.0.0.1 at 2009-05-02 18:31:02) [GET]

ActionController::RoutingError (No route matches "/misc/compat-1.0.js" with {:method=>:get}):
  

Rendering rescues/layout (not_found)


Processing ApplicationController#index (for 127.0.0.1 at 2009-05-02 18:31:02) [GET]

ActionController::RoutingError (No route matches "/sites/all/themes/drigg_theme/img/block_feedicon.gif" with {:method=>:get}):
  

Rendering rescues/layout (not_found)


Processing ApplicationController#index (for 127.0.0.1 at 2009-05-02 18:31:02) [GET]

ActionController::RoutingError (No route matches "/sites/all//themes/drigg_theme/img/block_feedicon.gif" with {:method=>:get}):
  

Rendering rescues/layout (not_found)


Processing ApplicationController#index (for 127.0.0.1 at 2009-05-02 18:31:02) [GET]

ActionController::RoutingError (No route matches "/sites/all/themes/drigg_theme/img/drigg_80_15.gif" with {:method=>:get}):
  

Rendering rescues/layout (not_found)


Processing ApplicationController#index (for 127.0.0.1 at 2009-05-02 18:31:03) [GET]

ActionController::RoutingError (No route matches "/misc/menu-collapsed.png" with {:method=>:get}):
  

Rendering rescues/layout (not_found)


Processing ApplicationController#index (for 127.0.0.1 at 2009-05-02 18:31:03) [GET]

ActionController::RoutingError (No route matches "/misc/menu-leaf.png" with {:method=>:get}):
  

Rendering rescues/layout (not_found)


Processing SiteController#index (for 127.0.0.1 at 2009-05-02 18:34:04) [GET]
Rendering template within layouts/application
Rendering site/index
Completed in 51ms (View: 49, DB: 0) | 200 OK [http://localhost/site]


Processing ApplicationController#index (for 127.0.0.1 at 2009-05-02 18:34:04) [GET]

ActionController::RoutingError (No route matches "/modules/node/node.css" with {:method=>:get}):
  

Rendering rescues/layout (not_found)


Processing ApplicationController#index (for 127.0.0.1 at 2009-05-02 18:34:04) [GET]

ActionController::RoutingError (No route matches "/modules/system/defaults.css" with {:method=>:get}):
  

Rendering rescues/layout (not_found)


Processing ApplicationController#index (for 127.0.0.1 at 2009-05-02 18:34:04) [GET]

ActionController::RoutingError (No route matches "/modules/system/system.css" with {:method=>:get}):
  

Rendering rescues/layout (not_found)


Processing ApplicationController#index (for 127.0.0.1 at 2009-05-02 18:34:05) [GET]

ActionController::RoutingError (No route matches "/modules/user/user.css" with {:method=>:get}):
  

Rendering rescues/layout (not_found)


Processing ApplicationController#index (for 127.0.0.1 at 2009-05-02 18:34:05) [GET]

ActionController::RoutingError (No route matches "/sites/all/modules/extra_voting_forms/widgets/default/extra_voting_forms_all.css" with {:method=>:get}):
  

Rendering rescues/layout (not_found)


Processing ApplicationController#index (for 127.0.0.1 at 2009-05-02 18:34:05) [GET]

ActionController::RoutingError (No route matches "/sites/all/modules/tagadelic/tagadelic.css" with {:method=>:get}):
  

Rendering rescues/layout (not_found)


Processing ApplicationController#index (for 127.0.0.1 at 2009-05-02 18:34:05) [GET]

ActionController::RoutingError (No route matches "/sites/all/themes/drigg_theme/style.css" with {:method=>:get}):
  

Rendering rescues/layout (not_found)


Processing ApplicationController#index (for 127.0.0.1 at 2009-05-02 18:34:05) [GET]

ActionController::RoutingError (No route matches "/misc/jquery.js" with {:method=>:get}):
  

Rendering rescues/layout (not_found)


Processing ApplicationController#index (for 127.0.0.1 at 2009-05-02 18:34:05) [GET]

ActionController::RoutingError (No route matches "/misc/drupal.js" with {:method=>:get}):
  

Rendering rescues/layout (not_found)


Processing ApplicationController#index (for 127.0.0.1 at 2009-05-02 18:34:05) [GET]

ActionController::RoutingError (No route matches "/sites/all/modules/drigg/drigg/drigg.js" with {:method=>:get}):
  

Rendering rescues/layout (not_found)


Processing ApplicationController#index (for 127.0.0.1 at 2009-05-02 18:34:05) [GET]

ActionController::RoutingError (No route matches "/sites/all/modules/extra_voting_forms/extra_voting_forms.js" with {:method=>:get}):
  

Rendering rescues/layout (not_found)


Processing ApplicationController#index (for 127.0.0.1 at 2009-05-02 18:34:05) [GET]

ActionController::RoutingError (No route matches "/misc/collapse-fix.js" with {:method=>:get}):
  

Rendering rescues/layout (not_found)


Processing ApplicationController#index (for 127.0.0.1 at 2009-05-02 18:34:05) [GET]

ActionController::RoutingError (No route matches "/misc/compat-1.0.js" with {:method=>:get}):
  

Rendering rescues/layout (not_found)


Processing ApplicationController#index (for 127.0.0.1 at 2009-05-02 18:34:05) [GET]

ActionController::RoutingError (No route matches "/img/header_categoriesbg.gif" with {:method=>:get}):
  

Rendering rescues/layout (not_found)


Processing ApplicationController#index (for 127.0.0.1 at 2009-05-02 18:34:05) [GET]

ActionController::RoutingError (No route matches "/img/header_logo.gif" with {:method=>:get}):
  

Rendering rescues/layout (not_found)


Processing ApplicationController#index (for 127.0.0.1 at 2009-05-02 18:34:05) [GET]

ActionController::RoutingError (No route matches "/img/header_submitbtn.gif" with {:method=>:get}):
  

Rendering rescues/layout (not_found)


Processing ApplicationController#index (for 127.0.0.1 at 2009-05-02 18:34:05) [GET]

ActionController::RoutingError (No route matches "/img/header_titlebg.gif" with {:method=>:get}):
  

Rendering rescues/layout (not_found)


Processing ApplicationController#index (for 127.0.0.1 at 2009-05-02 18:34:05) [GET]

ActionController::RoutingError (No route matches "/sites/all/themes/drigg_theme/img/block_feedicon.gif" with {:method=>:get}):
  

Rendering rescues/layout (not_found)


Processing ApplicationController#index (for 127.0.0.1 at 2009-05-02 18:34:05) [GET]

ActionController::RoutingError (No route matches "/sites/all//themes/drigg_theme/img/block_feedicon.gif" with {:method=>:get}):
  

Rendering rescues/layout (not_found)


Processing ApplicationController#index (for 127.0.0.1 at 2009-05-02 18:34:05) [GET]

ActionController::RoutingError (No route matches "/sites/all/themes/drigg_theme/img/drigg_80_15.gif" with {:method=>:get}):
  

Rendering rescues/layout (not_found)


Processing ApplicationController#index (for 127.0.0.1 at 2009-05-02 18:34:06) [GET]

ActionController::RoutingError (No route matches "/misc/menu-collapsed.png" with {:method=>:get}):
  

Rendering rescues/layout (not_found)


Processing ApplicationController#index (for 127.0.0.1 at 2009-05-02 18:34:06) [GET]

ActionController::RoutingError (No route matches "/misc/menu-leaf.png" with {:method=>:get}):
  

Rendering rescues/layout (not_found)


Processing SiteController#index (for 127.0.0.1 at 2009-05-02 18:42:36) [GET]
Rendering template within layouts/application
Rendering site/index
Completed in 69ms (View: 2, DB: 0) | 200 OK [http://localhost/site]


Processing ApplicationController#index (for 127.0.0.1 at 2009-05-02 18:42:37) [GET]

ActionController::RoutingError (No route matches "/modules/node/node.css" with {:method=>:get}):
  

Rendering rescues/layout (not_found)


Processing ApplicationController#index (for 127.0.0.1 at 2009-05-02 18:42:37) [GET]

ActionController::RoutingError (No route matches "/modules/system/defaults.css" with {:method=>:get}):
  

Rendering rescues/layout (not_found)


Processing ApplicationController#index (for 127.0.0.1 at 2009-05-02 18:42:37) [GET]

ActionController::RoutingError (No route matches "/modules/user/user.css" with {:method=>:get}):
  

Rendering rescues/layout (not_found)


Processing ApplicationController#index (for 127.0.0.1 at 2009-05-02 18:42:37) [GET]

ActionController::RoutingError (No route matches "/modules/system/system.css" with {:method=>:get}):
  

Rendering rescues/layout (not_found)


Processing ApplicationController#index (for 127.0.0.1 at 2009-05-02 18:42:37) [GET]

ActionController::RoutingError (No route matches "/sites/all/modules/extra_voting_forms/widgets/default/extra_voting_forms_all.css" with {:method=>:get}):
  

Rendering rescues/layout (not_found)


Processing ApplicationController#index (for 127.0.0.1 at 2009-05-02 18:42:37) [GET]

ActionController::RoutingError (No route matches "/sites/all/modules/tagadelic/tagadelic.css" with {:method=>:get}):
  

Rendering rescues/layout (not_found)


Processing ApplicationController#index (for 127.0.0.1 at 2009-05-02 18:42:37) [GET]

ActionController::RoutingError (No route matches "/sites/all/themes/drigg_theme/style.css" with {:method=>:get}):
  

Rendering rescues/layout (not_found)


Processing ApplicationController#index (for 127.0.0.1 at 2009-05-02 18:42:37) [GET]

ActionController::RoutingError (No route matches "/misc/jquery.js" with {:method=>:get}):
  

Rendering rescues/layout (not_found)


Processing ApplicationController#index (for 127.0.0.1 at 2009-05-02 18:42:37) [GET]

ActionController::RoutingError (No route matches "/misc/drupal.js" with {:method=>:get}):
  

Rendering rescues/layout (not_found)


Processing ApplicationController#index (for 127.0.0.1 at 2009-05-02 18:42:37) [GET]

ActionController::RoutingError (No route matches "/sites/all/modules/drigg/drigg/drigg.js" with {:method=>:get}):
  

Rendering rescues/layout (not_found)


Processing ApplicationController#index (for 127.0.0.1 at 2009-05-02 18:42:37) [GET]

ActionController::RoutingError (No route matches "/sites/all/modules/extra_voting_forms/extra_voting_forms.js" with {:method=>:get}):
  

Rendering rescues/layout (not_found)


Processing ApplicationController#index (for 127.0.0.1 at 2009-05-02 18:42:37) [GET]

ActionController::RoutingError (No route matches "/misc/collapse-fix.js" with {:method=>:get}):
  

Rendering rescues/layout (not_found)


Processing ApplicationController#index (for 127.0.0.1 at 2009-05-02 18:42:37) [GET]

ActionController::RoutingError (No route matches "/misc/compat-1.0.js" with {:method=>:get}):
  

Rendering rescues/layout (not_found)


Processing ApplicationController#index (for 127.0.0.1 at 2009-05-02 18:42:37) [GET]

ActionController::RoutingError (No route matches "/img/header_submitbtn.gif" with {:method=>:get}):
  

Rendering rescues/layout (not_found)


Processing ApplicationController#index (for 127.0.0.1 at 2009-05-02 18:42:37) [GET]

ActionController::RoutingError (No route matches "/img/header_logo.gif" with {:method=>:get}):
  

Rendering rescues/layout (not_found)


Processing ApplicationController#index (for 127.0.0.1 at 2009-05-02 18:42:37) [GET]

ActionController::RoutingError (No route matches "/img/header_titlebg.gif" with {:method=>:get}):
  

Rendering rescues/layout (not_found)


Processing ApplicationController#index (for 127.0.0.1 at 2009-05-02 18:42:37) [GET]

ActionController::RoutingError (No route matches "/sites/all/themes/drigg_theme/img/block_feedicon.gif" with {:method=>:get}):
  

Rendering rescues/layout (not_found)


Processing ApplicationController#index (for 127.0.0.1 at 2009-05-02 18:42:37) [GET]

ActionController::RoutingError (No route matches "/sites/all//themes/drigg_theme/img/block_feedicon.gif" with {:method=>:get}):
  

Rendering rescues/layout (not_found)


Processing ApplicationController#index (for 127.0.0.1 at 2009-05-02 18:42:37) [GET]

ActionController::RoutingError (No route matches "/sites/all/themes/drigg_theme/img/drigg_80_15.gif" with {:method=>:get}):
  

Rendering rescues/layout (not_found)


Processing ApplicationController#index (for 127.0.0.1 at 2009-05-02 18:42:38) [GET]

ActionController::RoutingError (No route matches "/misc/menu-leaf.png" with {:method=>:get}):
  

Rendering rescues/layout (not_found)


Processing ApplicationController#index (for 127.0.0.1 at 2009-05-02 18:42:38) [GET]

ActionController::RoutingError (No route matches "/misc/menu-collapsed.png" with {:method=>:get}):
  

Rendering rescues/layout (not_found)


Processing SiteController#index (for 127.0.0.1 at 2009-05-02 18:43:49) [GET]
Rendering template within layouts/application
Rendering site/index
Completed in 51ms (View: 49, DB: 0) | 200 OK [http://localhost/site]


Processing ApplicationController#index (for 127.0.0.1 at 2009-05-02 18:43:49) [GET]

ActionController::RoutingError (No route matches "/modules/node/node.css" with {:method=>:get}):
  

Rendering rescues/layout (not_found)


Processing ApplicationController#index (for 127.0.0.1 at 2009-05-02 18:43:49) [GET]

ActionController::RoutingError (No route matches "/modules/system/defaults.css" with {:method=>:get}):
  

Rendering rescues/layout (not_found)


Processing ApplicationController#index (for 127.0.0.1 at 2009-05-02 18:43:49) [GET]

ActionController::RoutingError (No route matches "/modules/system/system.css" with {:method=>:get}):
  

Rendering rescues/layout (not_found)


Processing ApplicationController#index (for 127.0.0.1 at 2009-05-02 18:43:49) [GET]

ActionController::RoutingError (No route matches "/sites/all/modules/extra_voting_forms/widgets/default/extra_voting_forms_all.css" with {:method=>:get}):
  

Rendering rescues/layout (not_found)


Processing ApplicationController#index (for 127.0.0.1 at 2009-05-02 18:43:49) [GET]

ActionController::RoutingError (No route matches "/modules/user/user.css" with {:method=>:get}):
  

Rendering rescues/layout (not_found)


Processing ApplicationController#index (for 127.0.0.1 at 2009-05-02 18:43:49) [GET]

ActionController::RoutingError (No route matches "/sites/all/modules/tagadelic/tagadelic.css" with {:method=>:get}):
  

Rendering rescues/layout (not_found)


Processing ApplicationController#index (for 127.0.0.1 at 2009-05-02 18:43:49) [GET]

ActionController::RoutingError (No route matches "/sites/all/themes/drigg_theme/style.css" with {:method=>:get}):
  

Rendering rescues/layout (not_found)


Processing ApplicationController#index (for 127.0.0.1 at 2009-05-02 18:43:49) [GET]

ActionController::RoutingError (No route matches "/misc/jquery.js" with {:method=>:get}):
  

Rendering rescues/layout (not_found)


Processing ApplicationController#index (for 127.0.0.1 at 2009-05-02 18:43:49) [GET]

ActionController::RoutingError (No route matches "/misc/drupal.js" with {:method=>:get}):
  

Rendering rescues/layout (not_found)


Processing ApplicationController#index (for 127.0.0.1 at 2009-05-02 18:43:49) [GET]

ActionController::RoutingError (No route matches "/sites/all/modules/drigg/drigg/drigg.js" with {:method=>:get}):
  

Rendering rescues/layout (not_found)


Processing ApplicationController#index (for 127.0.0.1 at 2009-05-02 18:43:49) [GET]

ActionController::RoutingError (No route matches "/sites/all/modules/extra_voting_forms/extra_voting_forms.js" with {:method=>:get}):
  

Rendering rescues/layout (not_found)


Processing ApplicationController#index (for 127.0.0.1 at 2009-05-02 18:43:49) [GET]

ActionController::RoutingError (No route matches "/misc/collapse-fix.js" with {:method=>:get}):
  

Rendering rescues/layout (not_found)


Processing ApplicationController#index (for 127.0.0.1 at 2009-05-02 18:43:49) [GET]

ActionController::RoutingError (No route matches "/misc/compat-1.0.js" with {:method=>:get}):
  

Rendering rescues/layout (not_found)


Processing ApplicationController#index (for 127.0.0.1 at 2009-05-02 18:43:49) [GET]

ActionController::RoutingError (No route matches "/img/header_titlebg.gif" with {:method=>:get}):
  

Rendering rescues/layout (not_found)


Processing ApplicationController#index (for 127.0.0.1 at 2009-05-02 18:43:49) [GET]

ActionController::RoutingError (No route matches "/img/header_logo.gif" with {:method=>:get}):
  

Rendering rescues/layout (not_found)


Processing ApplicationController#index (for 127.0.0.1 at 2009-05-02 18:43:49) [GET]

ActionController::RoutingError (No route matches "/img/header_submitbtn.gif" with {:method=>:get}):
  

Rendering rescues/layout (not_found)


Processing ApplicationController#index (for 127.0.0.1 at 2009-05-02 18:43:49) [GET]

ActionController::RoutingError (No route matches "/sites/all/themes/drigg_theme/img/drigg_80_15.gif" with {:method=>:get}):
  

Rendering rescues/layout (not_found)


Processing ApplicationController#index (for 127.0.0.1 at 2009-05-02 18:43:49) [GET]

ActionController::RoutingError (No route matches "/misc/menu-leaf.png" with {:method=>:get}):
  

Rendering rescues/layout (not_found)


Processing ApplicationController#index (for 127.0.0.1 at 2009-05-02 18:43:49) [GET]

ActionController::RoutingError (No route matches "/sites/all//themes/drigg_theme/img/block_feedicon.gif" with {:method=>:get}):
  

Rendering rescues/layout (not_found)


Processing ApplicationController#index (for 127.0.0.1 at 2009-05-02 18:43:49) [GET]

ActionController::RoutingError (No route matches "/misc/menu-collapsed.png" with {:method=>:get}):
  

Rendering rescues/layout (not_found)


Processing ApplicationController#index (for 127.0.0.1 at 2009-05-02 18:43:49) [GET]

ActionController::RoutingError (No route matches "/sites/all/themes/drigg_theme/img/block_feedicon.gif" with {:method=>:get}):
  

Rendering rescues/layout (not_found)


Processing SiteController#index (for 127.0.0.1 at 2009-05-02 18:46:55) [GET]
Rendering template within layouts/application
Rendering site/index
Completed in 114ms (View: 112, DB: 0) | 200 OK [http://localhost/site]


Processing ApplicationController#index (for 127.0.0.1 at 2009-05-02 18:46:55) [GET]

ActionController::RoutingError (No route matches "/img/header_titlebg.gif" with {:method=>:get}):
  

Rendering rescues/layout (not_found)


Processing ApplicationController#index (for 127.0.0.1 at 2009-05-02 18:46:55) [GET]

ActionController::RoutingError (No route matches "/img/header_submitbtn.gif" with {:method=>:get}):
  

Rendering rescues/layout (not_found)


Processing ApplicationController#index (for 127.0.0.1 at 2009-05-02 18:46:55) [GET]

ActionController::RoutingError (No route matches "/img/header_logo.gif" with {:method=>:get}):
  

Rendering rescues/layout (not_found)


Processing ApplicationController#index (for 127.0.0.1 at 2009-05-02 18:46:55) [GET]

ActionController::RoutingError (No route matches "/misc/menu-collapsed.png" with {:method=>:get}):
  

Rendering rescues/layout (not_found)


Processing ApplicationController#index (for 127.0.0.1 at 2009-05-02 18:46:55) [GET]

ActionController::RoutingError (No route matches "/sites/all//themes/drigg_theme/img/block_feedicon.gif" with {:method=>:get}):
  

Rendering rescues/layout (not_found)


Processing ApplicationController#index (for 127.0.0.1 at 2009-05-02 18:46:55) [GET]

ActionController::RoutingError (No route matches "/sites/all/themes/drigg_theme/img/block_feedicon.gif" with {:method=>:get}):
  

Rendering rescues/layout (not_found)


Processing ApplicationController#index (for 127.0.0.1 at 2009-05-02 18:46:55) [GET]

ActionController::RoutingError (No route matches "/misc/menu-leaf.png" with {:method=>:get}):
  

Rendering rescues/layout (not_found)


Processing ApplicationController#index (for 127.0.0.1 at 2009-05-02 18:46:56) [GET]

ActionController::RoutingError (No route matches "/sites/all/themes/drigg_theme/img/drigg_80_15.gif" with {:method=>:get}):
  

Rendering rescues/layout (not_found)


Processing SiteController#index (for 127.0.0.1 at 2009-05-02 18:54:35) [GET]
Rendering template within layouts/application
Rendering site/index
Completed in 4ms (View: 3, DB: 0) | 200 OK [http://localhost/site]


Processing ApplicationController#index (for 127.0.0.1 at 2009-05-02 18:54:36) [GET]

ActionController::RoutingError (No route matches "/img/header_titlebg.gif" with {:method=>:get}):
  

Rendering rescues/layout (not_found)


Processing ApplicationController#index (for 127.0.0.1 at 2009-05-02 18:54:36) [GET]

ActionController::RoutingError (No route matches "/sites/all/themes/drigg_theme/img/drigg_80_15.gif" with {:method=>:get}):
  

Rendering rescues/layout (not_found)


Processing ApplicationController#index (for 127.0.0.1 at 2009-05-02 18:54:36) [GET]

ActionController::RoutingError (No route matches "/img/header_submitbtn.gif" with {:method=>:get}):
  

Rendering rescues/layout (not_found)


Processing ApplicationController#index (for 127.0.0.1 at 2009-05-02 18:54:36) [GET]

ActionController::RoutingError (No route matches "/images/css/header_logo.gif" with {:method=>:get}):
  

Rendering rescues/layout (not_found)


Processing ApplicationController#index (for 127.0.0.1 at 2009-05-02 18:54:36) [GET]

ActionController::RoutingError (No route matches "/misc/menu-collapsed.png" with {:method=>:get}):
  

Rendering rescues/layout (not_found)


Processing ApplicationController#index (for 127.0.0.1 at 2009-05-02 18:54:36) [GET]

ActionController::RoutingError (No route matches "/misc/menu-leaf.png" with {:method=>:get}):
  

Rendering rescues/layout (not_found)


Processing ApplicationController#index (for 127.0.0.1 at 2009-05-02 18:54:36) [GET]

ActionController::RoutingError (No route matches "/sites/all/themes/drigg_theme/img/block_feedicon.gif" with {:method=>:get}):
  

Rendering rescues/layout (not_found)


Processing ApplicationController#index (for 127.0.0.1 at 2009-05-02 18:54:36) [GET]

ActionController::RoutingError (No route matches "/sites/all//themes/drigg_theme/img/block_feedicon.gif" with {:method=>:get}):
  

Rendering rescues/layout (not_found)


Processing SiteController#index (for 127.0.0.1 at 2009-05-02 18:54:38) [GET]
Rendering template within layouts/application
Rendering site/index
Completed in 5ms (View: 3, DB: 0) | 200 OK [http://localhost/site]


Processing ApplicationController#index (for 127.0.0.1 at 2009-05-02 18:54:39) [GET]

ActionController::RoutingError (No route matches "/img/header_titlebg.gif" with {:method=>:get}):
  

Rendering rescues/layout (not_found)


Processing ApplicationController#index (for 127.0.0.1 at 2009-05-02 18:54:39) [GET]

ActionController::RoutingError (No route matches "/misc/menu-collapsed.png" with {:method=>:get}):
  

Rendering rescues/layout (not_found)


Processing ApplicationController#index (for 127.0.0.1 at 2009-05-02 18:54:39) [GET]

ActionController::RoutingError (No route matches "/img/header_submitbtn.gif" with {:method=>:get}):
  

Rendering rescues/layout (not_found)


Processing ApplicationController#index (for 127.0.0.1 at 2009-05-02 18:54:39) [GET]

ActionController::RoutingError (No route matches "/images/css/header_logo.gif" with {:method=>:get}):
  

Rendering rescues/layout (not_found)


Processing ApplicationController#index (for 127.0.0.1 at 2009-05-02 18:54:39) [GET]

ActionController::RoutingError (No route matches "/sites/all/themes/drigg_theme/img/drigg_80_15.gif" with {:method=>:get}):
  

Rendering rescues/layout (not_found)


Processing ApplicationController#index (for 127.0.0.1 at 2009-05-02 18:54:39) [GET]

ActionController::RoutingError (No route matches "/sites/all/themes/drigg_theme/img/block_feedicon.gif" with {:method=>:get}):
  

Rendering rescues/layout (not_found)


Processing ApplicationController#index (for 127.0.0.1 at 2009-05-02 18:54:39) [GET]

ActionController::RoutingError (No route matches "/misc/menu-leaf.png" with {:method=>:get}):
  

Rendering rescues/layout (not_found)


Processing ApplicationController#index (for 127.0.0.1 at 2009-05-02 18:54:39) [GET]

ActionController::RoutingError (No route matches "/sites/all//themes/drigg_theme/img/block_feedicon.gif" with {:method=>:get}):
  

Rendering rescues/layout (not_found)


Processing SiteController#index (for 127.0.0.1 at 2009-05-02 18:55:17) [GET]
Rendering template within layouts/application
Rendering site/index
Completed in 4ms (View: 3, DB: 0) | 200 OK [http://localhost/site]


Processing ApplicationController#index (for 127.0.0.1 at 2009-05-02 18:55:17) [GET]

ActionController::RoutingError (No route matches "/img/header_submitbtn.gif" with {:method=>:get}):
  

Rendering rescues/layout (not_found)


Processing ApplicationController#index (for 127.0.0.1 at 2009-05-02 18:55:17) [GET]

ActionController::RoutingError (No route matches "/images/css/header_logo.gif" with {:method=>:get}):
  

Rendering rescues/layout (not_found)


Processing ApplicationController#index (for 127.0.0.1 at 2009-05-02 18:55:17) [GET]

ActionController::RoutingError (No route matches "/img/header_titlebg.gif" with {:method=>:get}):
  

Rendering rescues/layout (not_found)


Processing ApplicationController#index (for 127.0.0.1 at 2009-05-02 18:55:17) [GET]

ActionController::RoutingError (No route matches "/sites/all//themes/drigg_theme/img/block_feedicon.gif" with {:method=>:get}):
  

Rendering rescues/layout (not_found)


Processing ApplicationController#index (for 127.0.0.1 at 2009-05-02 18:55:17) [GET]

ActionController::RoutingError (No route matches "/misc/menu-leaf.png" with {:method=>:get}):
  

Rendering rescues/layout (not_found)


Processing ApplicationController#index (for 127.0.0.1 at 2009-05-02 18:55:17) [GET]

ActionController::RoutingError (No route matches "/misc/menu-collapsed.png" with {:method=>:get}):
  

Rendering rescues/layout (not_found)


Processing ApplicationController#index (for 127.0.0.1 at 2009-05-02 18:55:18) [GET]

ActionController::RoutingError (No route matches "/sites/all/themes/drigg_theme/img/drigg_80_15.gif" with {:method=>:get}):
  

Rendering rescues/layout (not_found)


Processing ApplicationController#index (for 127.0.0.1 at 2009-05-02 18:55:18) [GET]

ActionController::RoutingError (No route matches "/sites/all/themes/drigg_theme/img/block_feedicon.gif" with {:method=>:get}):
  

Rendering rescues/layout (not_found)


Processing SiteController#index (for 127.0.0.1 at 2009-05-02 18:55:24) [GET]
Rendering template within layouts/application
Rendering site/index
Completed in 4ms (View: 3, DB: 0) | 200 OK [http://localhost/site]


Processing ApplicationController#index (for 127.0.0.1 at 2009-05-02 18:55:24) [GET]

ActionController::RoutingError (No route matches "/img/header_submitbtn.gif" with {:method=>:get}):
  

Rendering rescues/layout (not_found)


Processing ApplicationController#index (for 127.0.0.1 at 2009-05-02 18:55:24) [GET]

ActionController::RoutingError (No route matches "/sites/all/themes/drigg_theme/img/drigg_80_15.gif" with {:method=>:get}):
  

Rendering rescues/layout (not_found)


Processing ApplicationController#index (for 127.0.0.1 at 2009-05-02 18:55:24) [GET]

ActionController::RoutingError (No route matches "/misc/menu-leaf.png" with {:method=>:get}):
  

Rendering rescues/layout (not_found)


Processing ApplicationController#index (for 127.0.0.1 at 2009-05-02 18:55:24) [GET]

ActionController::RoutingError (No route matches "/sites/all//themes/drigg_theme/img/block_feedicon.gif" with {:method=>:get}):
  

Rendering rescues/layout (not_found)


Processing ApplicationController#index (for 127.0.0.1 at 2009-05-02 18:55:24) [GET]

ActionController::RoutingError (No route matches "/misc/menu-collapsed.png" with {:method=>:get}):
  

Rendering rescues/layout (not_found)


Processing ApplicationController#index (for 127.0.0.1 at 2009-05-02 18:55:24) [GET]

ActionController::RoutingError (No route matches "/images/css/header_logo.gif" with {:method=>:get}):
  

Rendering rescues/layout (not_found)


Processing ApplicationController#index (for 127.0.0.1 at 2009-05-02 18:55:24) [GET]

ActionController::RoutingError (No route matches "/sites/all/themes/drigg_theme/img/block_feedicon.gif" with {:method=>:get}):
  

Rendering rescues/layout (not_found)


Processing ApplicationController#index (for 127.0.0.1 at 2009-05-02 18:55:24) [GET]

ActionController::RoutingError (No route matches "/img/header_titlebg.gif" with {:method=>:get}):
  

Rendering rescues/layout (not_found)


Processing ApplicationController#index (for 127.0.0.1 at 2009-05-02 18:55:28) [GET]

ActionController::RoutingError (No route matches "/misc/menu-collapsed.png" with {:method=>:get}):
  

Rendering rescues/layout (not_found)


Processing ApplicationController#index (for 127.0.0.1 at 2009-05-02 18:55:28) [GET]

ActionController::RoutingError (No route matches "/misc/menu-leaf.png" with {:method=>:get}):
  

Rendering rescues/layout (not_found)


Processing ApplicationController#index (for 127.0.0.1 at 2009-05-02 18:55:28) [GET]

ActionController::RoutingError (No route matches "/sites/all//themes/drigg_theme/img/block_feedicon.gif" with {:method=>:get}):
  

Rendering rescues/layout (not_found)


Processing ApplicationController#index (for 127.0.0.1 at 2009-05-02 18:55:28) [GET]

ActionController::RoutingError (No route matches "/img/header_titlebg.gif" with {:method=>:get}):
  

Rendering rescues/layout (not_found)


Processing ApplicationController#index (for 127.0.0.1 at 2009-05-02 18:55:28) [GET]

ActionController::RoutingError (No route matches "/sites/all/themes/drigg_theme/img/drigg_80_15.gif" with {:method=>:get}):
  

Rendering rescues/layout (not_found)


Processing ApplicationController#index (for 127.0.0.1 at 2009-05-02 18:55:28) [GET]

ActionController::RoutingError (No route matches "/sites/all/themes/drigg_theme/img/block_feedicon.gif" with {:method=>:get}):
  

Rendering rescues/layout (not_found)


Processing ApplicationController#index (for 127.0.0.1 at 2009-05-02 18:55:28) [GET]

ActionController::RoutingError (No route matches "/images/css/header_logo.gif" with {:method=>:get}):
  

Rendering rescues/layout (not_found)


Processing ApplicationController#index (for 127.0.0.1 at 2009-05-02 18:55:28) [GET]

ActionController::RoutingError (No route matches "/img/header_submitbtn.gif" with {:method=>:get}):
  

Rendering rescues/layout (not_found)


Processing ApplicationController#index (for 127.0.0.1 at 2009-05-02 18:56:26) [GET]

ActionController::RoutingError (No route matches "/images/css/header_logo.gif" with {:method=>:get}):
  

Rendering rescues/layout (not_found)


Processing SiteController#index (for 127.0.0.1 at 2009-05-02 18:57:32) [GET]
Rendering template within layouts/application
Rendering site/index
Completed in 5ms (View: 3, DB: 0) | 200 OK [http://localhost/site]


Processing ApplicationController#index (for 127.0.0.1 at 2009-05-02 18:57:32) [GET]

ActionController::RoutingError (No route matches "/img/header_titlebg.gif" with {:method=>:get}):
  

Rendering rescues/layout (not_found)


Processing ApplicationController#index (for 127.0.0.1 at 2009-05-02 18:57:32) [GET]

ActionController::RoutingError (No route matches "/img/header_submitbtn.gif" with {:method=>:get}):
  

Rendering rescues/layout (not_found)


Processing ApplicationController#index (for 127.0.0.1 at 2009-05-02 18:57:32) [GET]

ActionController::RoutingError (No route matches "/sites/all/themes/drigg_theme/img/block_feedicon.gif" with {:method=>:get}):
  

Rendering rescues/layout (not_found)


Processing ApplicationController#index (for 127.0.0.1 at 2009-05-02 18:57:32) [GET]

ActionController::RoutingError (No route matches "/misc/menu-leaf.png" with {:method=>:get}):
  

Rendering rescues/layout (not_found)


Processing ApplicationController#index (for 127.0.0.1 at 2009-05-02 18:57:32) [GET]

ActionController::RoutingError (No route matches "/sites/all/themes/drigg_theme/img/drigg_80_15.gif" with {:method=>:get}):
  

Rendering rescues/layout (not_found)


Processing ApplicationController#index (for 127.0.0.1 at 2009-05-02 18:57:32) [GET]

ActionController::RoutingError (No route matches "/misc/menu-collapsed.png" with {:method=>:get}):
  

Rendering rescues/layout (not_found)


Processing ApplicationController#index (for 127.0.0.1 at 2009-05-02 18:57:32) [GET]

ActionController::RoutingError (No route matches "/sites/all//themes/drigg_theme/img/block_feedicon.gif" with {:method=>:get}):
  

Rendering rescues/layout (not_found)


Processing SiteController#index (for 127.0.0.1 at 2009-05-02 18:57:39) [GET]
Rendering template within layouts/application
Rendering site/index
Completed in 4ms (View: 3, DB: 0) | 200 OK [http://localhost/site]


Processing ApplicationController#index (for 127.0.0.1 at 2009-05-02 18:57:39) [GET]

ActionController::RoutingError (No route matches "/sites/all/themes/drigg_theme/img/drigg_80_15.gif" with {:method=>:get}):
  

Rendering rescues/layout (not_found)


Processing ApplicationController#index (for 127.0.0.1 at 2009-05-02 18:57:39) [GET]

ActionController::RoutingError (No route matches "/img/header_titlebg.gif" with {:method=>:get}):
  

Rendering rescues/layout (not_found)


Processing ApplicationController#index (for 127.0.0.1 at 2009-05-02 18:57:39) [GET]

ActionController::RoutingError (No route matches "/sites/all//themes/drigg_theme/img/block_feedicon.gif" with {:method=>:get}):
  

Rendering rescues/layout (not_found)


Processing ApplicationController#index (for 127.0.0.1 at 2009-05-02 18:57:39) [GET]

ActionController::RoutingError (No route matches "/img/header_submitbtn.gif" with {:method=>:get}):
  

Rendering rescues/layout (not_found)


Processing ApplicationController#index (for 127.0.0.1 at 2009-05-02 18:57:39) [GET]

ActionController::RoutingError (No route matches "/sites/all/themes/drigg_theme/img/block_feedicon.gif" with {:method=>:get}):
  

Rendering rescues/layout (not_found)


Processing ApplicationController#index (for 127.0.0.1 at 2009-05-02 18:57:39) [GET]

ActionController::RoutingError (No route matches "/misc/menu-leaf.png" with {:method=>:get}):
  

Rendering rescues/layout (not_found)


Processing ApplicationController#index (for 127.0.0.1 at 2009-05-02 18:57:39) [GET]

ActionController::RoutingError (No route matches "/misc/menu-collapsed.png" with {:method=>:get}):
  

Rendering rescues/layout (not_found)


Processing SiteController#index (for 127.0.0.1 at 2009-05-02 19:29:36) [GET]
Rendering template within layouts/application
Rendering site/index
Completed in 5ms (View: 3, DB: 0) | 200 OK [http://localhost/site]


Processing ApplicationController#index (for 127.0.0.1 at 2009-05-02 19:29:37) [GET]

ActionController::RoutingError (No route matches "/img/header_titlebg.gif" with {:method=>:get}):
  

Rendering rescues/layout (not_found)


Processing ApplicationController#index (for 127.0.0.1 at 2009-05-02 19:29:37) [GET]

ActionController::RoutingError (No route matches "/misc/menu-collapsed.png" with {:method=>:get}):
  

Rendering rescues/layout (not_found)


Processing ApplicationController#index (for 127.0.0.1 at 2009-05-02 19:29:37) [GET]

ActionController::RoutingError (No route matches "/misc/menu-leaf.png" with {:method=>:get}):
  

Rendering rescues/layout (not_found)


Processing ApplicationController#index (for 127.0.0.1 at 2009-05-02 19:29:37) [GET]

ActionController::RoutingError (No route matches "/img/header_submitbtn.gif" with {:method=>:get}):
  

Rendering rescues/layout (not_found)


Processing ApplicationController#index (for 127.0.0.1 at 2009-05-02 19:29:37) [GET]

ActionController::RoutingError (No route matches "/sites/all/themes/drigg_theme/img/drigg_80_15.gif" with {:method=>:get}):
  

Rendering rescues/layout (not_found)


Processing ApplicationController#index (for 127.0.0.1 at 2009-05-02 19:29:37) [GET]

ActionController::RoutingError (No route matches "/sites/all/themes/drigg_theme/img/block_feedicon.gif" with {:method=>:get}):
  

Rendering rescues/layout (not_found)


Processing ApplicationController#index (for 127.0.0.1 at 2009-05-02 19:29:37) [GET]

ActionController::RoutingError (No route matches "/sites/all//themes/drigg_theme/img/block_feedicon.gif" with {:method=>:get}):
  

Rendering rescues/layout (not_found)


Processing ApplicationController#index (for 127.0.0.1 at 2009-05-02 19:29:39) [GET]

ActionController::RoutingError (No route matches "/Libraries" with {:method=>:get}):
  

Rendering rescues/layout (not_found)


Processing SiteController#index (for 127.0.0.1 at 2009-05-02 19:29:42) [GET]
Rendering template within layouts/application
Rendering site/index
Completed in 4ms (View: 3, DB: 0) | 200 OK [http://localhost/site]


Processing ApplicationController#index (for 127.0.0.1 at 2009-05-02 19:29:43) [GET]

ActionController::RoutingError (No route matches "/img/header_titlebg.gif" with {:method=>:get}):
  

Rendering rescues/layout (not_found)


Processing ApplicationController#index (for 127.0.0.1 at 2009-05-02 19:29:43) [GET]

ActionController::RoutingError (No route matches "/img/header_submitbtn.gif" with {:method=>:get}):
  

Rendering rescues/layout (not_found)


Processing ApplicationController#index (for 127.0.0.1 at 2009-05-02 19:29:43) [GET]

ActionController::RoutingError (No route matches "/misc/menu-leaf.png" with {:method=>:get}):
  

Rendering rescues/layout (not_found)


Processing ApplicationController#index (for 127.0.0.1 at 2009-05-02 19:29:43) [GET]

ActionController::RoutingError (No route matches "/sites/all//themes/drigg_theme/img/block_feedicon.gif" with {:method=>:get}):
  

Rendering rescues/layout (not_found)


Processing ApplicationController#index (for 127.0.0.1 at 2009-05-02 19:29:43) [GET]

ActionController::RoutingError (No route matches "/misc/menu-collapsed.png" with {:method=>:get}):
  

Rendering rescues/layout (not_found)


Processing ApplicationController#index (for 127.0.0.1 at 2009-05-02 19:29:43) [GET]

ActionController::RoutingError (No route matches "/sites/all/themes/drigg_theme/img/drigg_80_15.gif" with {:method=>:get}):
  

Rendering rescues/layout (not_found)


Processing ApplicationController#index (for 127.0.0.1 at 2009-05-02 19:29:43) [GET]

ActionController::RoutingError (No route matches "/sites/all/themes/drigg_theme/img/block_feedicon.gif" with {:method=>:get}):
  

Rendering rescues/layout (not_found)


Processing SiteController#index (for 127.0.0.1 at 2009-05-02 19:30:03) [GET]
Rendering template within layouts/application
Rendering site/index
Completed in 5ms (View: 3, DB: 0) | 200 OK [http://localhost/site]


Processing ApplicationController#index (for 127.0.0.1 at 2009-05-02 19:30:03) [GET]

ActionController::RoutingError (No route matches "/img/header_titlebg.gif" with {:method=>:get}):
  

Rendering rescues/layout (not_found)


Processing ApplicationController#index (for 127.0.0.1 at 2009-05-02 19:30:03) [GET]

ActionController::RoutingError (No route matches "/sites/all//themes/drigg_theme/img/block_feedicon.gif" with {:method=>:get}):
  

Rendering rescues/layout (not_found)


Processing ApplicationController#index (for 127.0.0.1 at 2009-05-02 19:30:03) [GET]

ActionController::RoutingError (No route matches "/sites/all/themes/drigg_theme/img/drigg_80_15.gif" with {:method=>:get}):
  

Rendering rescues/layout (not_found)


Processing ApplicationController#index (for 127.0.0.1 at 2009-05-02 19:30:03) [GET]

ActionController::RoutingError (No route matches "/img/header_submitbtn.gif" with {:method=>:get}):
  

Rendering rescues/layout (not_found)


Processing ApplicationController#index (for 127.0.0.1 at 2009-05-02 19:30:03) [GET]

ActionController::RoutingError (No route matches "/misc/menu-collapsed.png" with {:method=>:get}):
  

Rendering rescues/layout (not_found)


Processing ApplicationController#index (for 127.0.0.1 at 2009-05-02 19:30:03) [GET]

ActionController::RoutingError (No route matches "/sites/all/themes/drigg_theme/img/block_feedicon.gif" with {:method=>:get}):
  

Rendering rescues/layout (not_found)


Processing ApplicationController#index (for 127.0.0.1 at 2009-05-02 19:30:03) [GET]

ActionController::RoutingError (No route matches "/misc/menu-leaf.png" with {:method=>:get}):
  

Rendering rescues/layout (not_found)


Processing SiteController#index (for 127.0.0.1 at 2009-05-02 19:36:41) [GET]
Rendering template within layouts/application
Rendering site/index
Completed in 4ms (View: 3, DB: 0) | 200 OK [http://localhost/site]


Processing ApplicationController#index (for 127.0.0.1 at 2009-05-02 19:36:42) [GET]

ActionController::RoutingError (No route matches "/img/header_submitbtn.gif" with {:method=>:get}):
  

Rendering rescues/layout (not_found)


Processing ApplicationController#index (for 127.0.0.1 at 2009-05-02 19:36:42) [GET]

ActionController::RoutingError (No route matches "/img/header_titlebg.gif" with {:method=>:get}):
  

Rendering rescues/layout (not_found)


Processing ApplicationController#index (for 127.0.0.1 at 2009-05-02 19:36:42) [GET]

ActionController::RoutingError (No route matches "/sites/all//themes/drigg_theme/img/block_feedicon.gif" with {:method=>:get}):
  

Rendering rescues/layout (not_found)


Processing ApplicationController#index (for 127.0.0.1 at 2009-05-02 19:36:42) [GET]

ActionController::RoutingError (No route matches "/sites/all/themes/drigg_theme/img/drigg_80_15.gif" with {:method=>:get}):
  

Rendering rescues/layout (not_found)


Processing ApplicationController#index (for 127.0.0.1 at 2009-05-02 19:36:42) [GET]

ActionController::RoutingError (No route matches "/misc/menu-collapsed.png" with {:method=>:get}):
  

Rendering rescues/layout (not_found)


Processing ApplicationController#index (for 127.0.0.1 at 2009-05-02 19:36:42) [GET]

ActionController::RoutingError (No route matches "/sites/all/themes/drigg_theme/img/block_feedicon.gif" with {:method=>:get}):
  

Rendering rescues/layout (not_found)


Processing ApplicationController#index (for 127.0.0.1 at 2009-05-02 19:36:42) [GET]

ActionController::RoutingError (No route matches "/misc/menu-leaf.png" with {:method=>:get}):
  

Rendering rescues/layout (not_found)


Processing SiteController#index (for 127.0.0.1 at 2009-05-02 19:45:12) [GET]
Rendering template within layouts/application
Rendering site/index
Completed in 51ms (View: 49, DB: 0) | 200 OK [http://localhost/site]


Processing ApplicationController#index (for 127.0.0.1 at 2009-05-02 19:45:13) [GET]

ActionController::RoutingError (No route matches "/misc/menu-leaf.png" with {:method=>:get}):
  

Rendering rescues/layout (not_found)


Processing ApplicationController#index (for 127.0.0.1 at 2009-05-02 19:45:13) [GET]

ActionController::RoutingError (No route matches "/sites/all//themes/drigg_theme/img/block_feedicon.gif" with {:method=>:get}):
  

Rendering rescues/layout (not_found)


Processing ApplicationController#index (for 127.0.0.1 at 2009-05-02 19:45:13) [GET]

ActionController::RoutingError (No route matches "/sites/all/themes/drigg_theme/img/block_feedicon.gif" with {:method=>:get}):
  

Rendering rescues/layout (not_found)


Processing ApplicationController#index (for 127.0.0.1 at 2009-05-02 19:45:13) [GET]

ActionController::RoutingError (No route matches "/img/header_titlebg.gif" with {:method=>:get}):
  

Rendering rescues/layout (not_found)


Processing ApplicationController#index (for 127.0.0.1 at 2009-05-02 19:45:13) [GET]

ActionController::RoutingError (No route matches "/sites/all/themes/drigg_theme/img/drigg_80_15.gif" with {:method=>:get}):
  

Rendering rescues/layout (not_found)


Processing ApplicationController#index (for 127.0.0.1 at 2009-05-02 19:45:13) [GET]

ActionController::RoutingError (No route matches "/img/header_submitbtn.gif" with {:method=>:get}):
  

Rendering rescues/layout (not_found)


Processing ApplicationController#index (for 127.0.0.1 at 2009-05-02 19:45:13) [GET]

ActionController::RoutingError (No route matches "/misc/menu-collapsed.png" with {:method=>:get}):
  

Rendering rescues/layout (not_found)


Processing SiteController#index (for 127.0.0.1 at 2009-05-02 20:51:49) [GET]
Rendering template within layouts/application
Rendering site/index
Completed in 54ms (View: 52, DB: 0) | 200 OK [http://localhost/site]


Processing ApplicationController#index (for 127.0.0.1 at 2009-05-02 20:51:49) [GET]

ActionController::RoutingError (No route matches "/img/header_titlebg.gif" with {:method=>:get}):
  

Rendering rescues/layout (not_found)


Processing ApplicationController#index (for 127.0.0.1 at 2009-05-02 20:51:49) [GET]

ActionController::RoutingError (No route matches "/misc/menu-collapsed.png" with {:method=>:get}):
  

Rendering rescues/layout (not_found)


Processing ApplicationController#index (for 127.0.0.1 at 2009-05-02 20:51:49) [GET]

ActionController::RoutingError (No route matches "/misc/menu-leaf.png" with {:method=>:get}):
  

Rendering rescues/layout (not_found)


Processing ApplicationController#index (for 127.0.0.1 at 2009-05-02 20:51:49) [GET]

ActionController::RoutingError (No route matches "/sites/all//themes/drigg_theme/img/block_feedicon.gif" with {:method=>:get}):
  

Rendering rescues/layout (not_found)


Processing ApplicationController#index (for 127.0.0.1 at 2009-05-02 20:51:49) [GET]

ActionController::RoutingError (No route matches "/sites/all/themes/drigg_theme/img/block_feedicon.gif" with {:method=>:get}):
  

Rendering rescues/layout (not_found)


Processing ApplicationController#index (for 127.0.0.1 at 2009-05-02 20:51:49) [GET]

ActionController::RoutingError (No route matches "/sites/all/themes/drigg_theme/img/drigg_80_15.gif" with {:method=>:get}):
  

Rendering rescues/layout (not_found)


Processing SiteController#index (for 127.0.0.1 at 2009-05-02 20:53:26) [GET]
Rendering template within layouts/application
Rendering site/index
Completed in 52ms (View: 51, DB: 0) | 200 OK [http://localhost/site]


Processing ApplicationController#index (for 127.0.0.1 at 2009-05-02 20:53:27) [GET]

ActionController::RoutingError (No route matches "/misc/menu-collapsed.png" with {:method=>:get}):
  

Rendering rescues/layout (not_found)


Processing ApplicationController#index (for 127.0.0.1 at 2009-05-02 20:53:27) [GET]

ActionController::RoutingError (No route matches "/misc/menu-leaf.png" with {:method=>:get}):
  

Rendering rescues/layout (not_found)


Processing ApplicationController#index (for 127.0.0.1 at 2009-05-02 20:53:27) [GET]

ActionController::RoutingError (No route matches "/img/header_titlebg.gif" with {:method=>:get}):
  

Rendering rescues/layout (not_found)


Processing ApplicationController#index (for 127.0.0.1 at 2009-05-02 20:53:27) [GET]

ActionController::RoutingError (No route matches "/sites/all//themes/drigg_theme/img/block_feedicon.gif" with {:method=>:get}):
  

Rendering rescues/layout (not_found)


Processing ApplicationController#index (for 127.0.0.1 at 2009-05-02 20:53:27) [GET]

ActionController::RoutingError (No route matches "/sites/all/themes/drigg_theme/img/drigg_80_15.gif" with {:method=>:get}):
  

Rendering rescues/layout (not_found)


Processing ApplicationController#index (for 127.0.0.1 at 2009-05-02 20:53:27) [GET]

ActionController::RoutingError (No route matches "/sites/all/themes/drigg_theme/img/block_feedicon.gif" with {:method=>:get}):
  

Rendering rescues/layout (not_found)


Processing SiteController#index (for 127.0.0.1 at 2009-05-02 21:10:44) [GET]
Rendering template within layouts/application
Rendering site/index
Completed in 51ms (View: 49, DB: 0) | 200 OK [http://localhost/site]


Processing ApplicationController#index (for 127.0.0.1 at 2009-05-02 21:10:44) [GET]

ActionController::RoutingError (No route matches "/img/header_titlebg.gif" with {:method=>:get}):
  

Rendering rescues/layout (not_found)


Processing ApplicationController#index (for 127.0.0.1 at 2009-05-02 21:10:44) [GET]

ActionController::RoutingError (No route matches "/sites/all/themes/drigg_theme/img/block_feedicon.gif" with {:method=>:get}):
  

Rendering rescues/layout (not_found)


Processing ApplicationController#index (for 127.0.0.1 at 2009-05-02 21:10:44) [GET]

ActionController::RoutingError (No route matches "/sites/all/themes/drigg_theme/img/drigg_80_15.gif" with {:method=>:get}):
  

Rendering rescues/layout (not_found)


Processing ApplicationController#index (for 127.0.0.1 at 2009-05-02 21:10:44) [GET]

ActionController::RoutingError (No route matches "/misc/menu-leaf.png" with {:method=>:get}):
  

Rendering rescues/layout (not_found)


Processing ApplicationController#index (for 127.0.0.1 at 2009-05-02 21:10:44) [GET]

ActionController::RoutingError (No route matches "/sites/all//themes/drigg_theme/img/block_feedicon.gif" with {:method=>:get}):
  

Rendering rescues/layout (not_found)


Processing ApplicationController#index (for 127.0.0.1 at 2009-05-02 21:10:44) [GET]

ActionController::RoutingError (No route matches "/misc/menu-collapsed.png" with {:method=>:get}):
  

Rendering rescues/layout (not_found)


Processing SiteController#index (for 127.0.0.1 at 2009-05-02 21:23:19) [GET]
Rendering template within layouts/application
Rendering site/index
Completed in 50ms (View: 48, DB: 0) | 200 OK [http://localhost/site]


Processing ApplicationController#index (for 127.0.0.1 at 2009-05-02 21:23:20) [GET]

ActionController::RoutingError (No route matches "/sites/all/themes/drigg_theme/img/block_feedicon.gif" with {:method=>:get}):
  

Rendering rescues/layout (not_found)


Processing ApplicationController#index (for 127.0.0.1 at 2009-05-02 21:23:20) [GET]

ActionController::RoutingError (No route matches "/sites/all//themes/drigg_theme/img/block_feedicon.gif" with {:method=>:get}):
  

Rendering rescues/layout (not_found)


Processing ApplicationController#index (for 127.0.0.1 at 2009-05-02 21:23:20) [GET]

ActionController::RoutingError (No route matches "/misc/menu-collapsed.png" with {:method=>:get}):
  

Rendering rescues/layout (not_found)


Processing ApplicationController#index (for 127.0.0.1 at 2009-05-02 21:23:20) [GET]

ActionController::RoutingError (No route matches "/sites/all/themes/drigg_theme/img/drigg_80_15.gif" with {:method=>:get}):
  

Rendering rescues/layout (not_found)


Processing ApplicationController#index (for 127.0.0.1 at 2009-05-02 21:23:20) [GET]

ActionController::RoutingError (No route matches "/img/header_titlebg.gif" with {:method=>:get}):
  

Rendering rescues/layout (not_found)


Processing ApplicationController#index (for 127.0.0.1 at 2009-05-02 21:23:20) [GET]

ActionController::RoutingError (No route matches "/misc/menu-leaf.png" with {:method=>:get}):
  

Rendering rescues/layout (not_found)


Processing SiteController#index (for 127.0.0.1 at 2009-05-02 21:32:39) [GET]
Rendering template within layouts/application
Rendering site/index
Completed in 113ms (View: 112, DB: 0) | 200 OK [http://localhost/site]


Processing ApplicationController#index (for 127.0.0.1 at 2009-05-02 21:32:39) [GET]

ActionController::RoutingError (No route matches "/misc/menu-collapsed.png" with {:method=>:get}):
  

Rendering rescues/layout (not_found)


Processing ApplicationController#index (for 127.0.0.1 at 2009-05-02 21:32:39) [GET]

ActionController::RoutingError (No route matches "/img/header_titlebg.gif" with {:method=>:get}):
  

Rendering rescues/layout (not_found)


Processing ApplicationController#index (for 127.0.0.1 at 2009-05-02 21:32:39) [GET]

ActionController::RoutingError (No route matches "/sites/all//themes/drigg_theme/img/block_feedicon.gif" with {:method=>:get}):
  

Rendering rescues/layout (not_found)


Processing ApplicationController#index (for 127.0.0.1 at 2009-05-02 21:32:39) [GET]

ActionController::RoutingError (No route matches "/misc/menu-leaf.png" with {:method=>:get}):
  

Rendering rescues/layout (not_found)


Processing ApplicationController#index (for 127.0.0.1 at 2009-05-02 21:32:39) [GET]

ActionController::RoutingError (No route matches "/sites/all/themes/drigg_theme/img/block_feedicon.gif" with {:method=>:get}):
  

Rendering rescues/layout (not_found)


Processing ApplicationController#index (for 127.0.0.1 at 2009-05-02 21:32:39) [GET]

ActionController::RoutingError (No route matches "/sites/all/themes/drigg_theme/img/drigg_80_15.gif" with {:method=>:get}):
  

Rendering rescues/layout (not_found)


Processing SiteController#index (for 127.0.0.1 at 2009-05-02 22:31:10) [GET]
Rendering template within layouts/application
Rendering site/index
Completed in 113ms (View: 111, DB: 0) | 200 OK [http://localhost/site]


Processing ApplicationController#index (for 127.0.0.1 at 2009-05-02 22:31:10) [GET]

ActionController::RoutingError (No route matches "/sites/all/themes/drigg_theme/img/drigg_80_15.gif" with {:method=>:get}):
  

Rendering rescues/layout (not_found)


Processing ApplicationController#index (for 127.0.0.1 at 2009-05-02 22:31:10) [GET]

ActionController::RoutingError (No route matches "/img/header_titlebg.gif" with {:method=>:get}):
  

Rendering rescues/layout (not_found)


Processing ApplicationController#index (for 127.0.0.1 at 2009-05-02 22:31:10) [GET]

ActionController::RoutingError (No route matches "/misc/menu-collapsed.png" with {:method=>:get}):
  

Rendering rescues/layout (not_found)


Processing ApplicationController#index (for 127.0.0.1 at 2009-05-02 22:31:10) [GET]

ActionController::RoutingError (No route matches "/sites/all/themes/drigg_theme/img/block_feedicon.gif" with {:method=>:get}):
  

Rendering rescues/layout (not_found)


Processing ApplicationController#index (for 127.0.0.1 at 2009-05-02 22:31:11) [GET]

ActionController::RoutingError (No route matches "/sites/all//themes/drigg_theme/img/block_feedicon.gif" with {:method=>:get}):
  

Rendering rescues/layout (not_found)


Processing SiteController#index (for 127.0.0.1 at 2009-05-02 22:38:33) [GET]
Rendering template within layouts/application
Rendering site/index
Completed in 113ms (View: 111, DB: 0) | 200 OK [http://localhost/site]


Processing ApplicationController#index (for 127.0.0.1 at 2009-05-02 22:38:33) [GET]

ActionController::RoutingError (No route matches "/misc/menu-collapsed.png" with {:method=>:get}):
  

Rendering rescues/layout (not_found)


Processing ApplicationController#index (for 127.0.0.1 at 2009-05-02 22:38:33) [GET]

ActionController::RoutingError (No route matches "/img/header_titlebg.gif" with {:method=>:get}):
  

Rendering rescues/layout (not_found)


Processing ApplicationController#index (for 127.0.0.1 at 2009-05-02 22:38:33) [GET]

ActionController::RoutingError (No route matches "/sites/all/themes/drigg_theme/img/drigg_80_15.gif" with {:method=>:get}):
  

Rendering rescues/layout (not_found)


Processing SiteController#index (for 127.0.0.1 at 2009-05-02 22:39:25) [GET]
Rendering template within layouts/application
Rendering site/index
Completed in 49ms (View: 47, DB: 0) | 200 OK [http://localhost/site]


Processing ApplicationController#index (for 127.0.0.1 at 2009-05-02 22:39:26) [GET]

ActionController::RoutingError (No route matches "/img/header_titlebg.gif" with {:method=>:get}):
  

Rendering rescues/layout (not_found)


Processing ApplicationController#index (for 127.0.0.1 at 2009-05-02 22:39:26) [GET]

ActionController::RoutingError (No route matches "/sites/all/themes/drigg_theme/img/drigg_80_15.gif" with {:method=>:get}):
  

Rendering rescues/layout (not_found)


Processing ApplicationController#index (for 127.0.0.1 at 2009-05-02 22:39:26) [GET]

ActionController::RoutingError (No route matches "/misc/menu-collapsed.png" with {:method=>:get}):
  

Rendering rescues/layout (not_found)


Processing SiteController#index (for 127.0.0.1 at 2009-05-02 22:47:24) [GET]
Rendering template within layouts/application
Rendering site/index
Completed in 12ms (View: 10, DB: 0) | 200 OK [http://localhost/site]


Processing ApplicationController#index (for 127.0.0.1 at 2009-05-02 22:47:24) [GET]

ActionController::RoutingError (No route matches "/misc/menu-collapsed.png" with {:method=>:get}):
  

Rendering rescues/layout (not_found)


Processing ApplicationController#index (for 127.0.0.1 at 2009-05-02 22:47:24) [GET]

ActionController::RoutingError (No route matches "/sites/all/themes/drigg_theme/img/drigg_80_15.gif" with {:method=>:get}):
  

Rendering rescues/layout (not_found)


Processing ApplicationController#index (for 127.0.0.1 at 2009-05-02 22:47:24) [GET]

ActionController::RoutingError (No route matches "/img/header_titlebg.gif" with {:method=>:get}):
  

Rendering rescues/layout (not_found)


Processing SiteController#index (for 127.0.0.1 at 2009-05-02 22:47:52) [GET]
Rendering template within layouts/application
Rendering site/index
Completed in 12ms (View: 10, DB: 0) | 200 OK [http://localhost/site]


Processing ApplicationController#index (for 127.0.0.1 at 2009-05-02 22:47:52) [GET]

ActionController::RoutingError (No route matches "/misc/menu-collapsed.png" with {:method=>:get}):
  

Rendering rescues/layout (not_found)


Processing ApplicationController#index (for 127.0.0.1 at 2009-05-02 22:47:52) [GET]

ActionController::RoutingError (No route matches "/img/header_titlebg.gif" with {:method=>:get}):
  

Rendering rescues/layout (not_found)


Processing ApplicationController#index (for 127.0.0.1 at 2009-05-02 22:47:52) [GET]

ActionController::RoutingError (No route matches "/sites/all/themes/drigg_theme/img/drigg_80_15.gif" with {:method=>:get}):
  

Rendering rescues/layout (not_found)


Processing SiteController#index (for 127.0.0.1 at 2009-05-02 22:48:13) [GET]
Rendering template within layouts/application
Rendering site/index
Completed in 12ms (View: 10, DB: 0) | 200 OK [http://localhost/site]


Processing ApplicationController#index (for 127.0.0.1 at 2009-05-02 22:48:13) [GET]

ActionController::RoutingError (No route matches "/sites/all/themes/drigg_theme/img/drigg_80_15.gif" with {:method=>:get}):
  

Rendering rescues/layout (not_found)


Processing ApplicationController#index (for 127.0.0.1 at 2009-05-02 22:48:13) [GET]

ActionController::RoutingError (No route matches "/img/header_titlebg.gif" with {:method=>:get}):
  

Rendering rescues/layout (not_found)


Processing ApplicationController#index (for 127.0.0.1 at 2009-05-02 22:48:13) [GET]

ActionController::RoutingError (No route matches "/misc/menu-collapsed.png" with {:method=>:get}):
  

Rendering rescues/layout (not_found)


Processing SiteController#index (for 127.0.0.1 at 2009-05-02 22:48:42) [GET]
Rendering template within layouts/application
Rendering site/index
Completed in 74ms (View: 72, DB: 0) | 200 OK [http://localhost/site]


Processing ApplicationController#index (for 127.0.0.1 at 2009-05-02 22:48:43) [GET]

ActionController::RoutingError (No route matches "/misc/menu-collapsed.png" with {:method=>:get}):
  

Rendering rescues/layout (not_found)


Processing ApplicationController#index (for 127.0.0.1 at 2009-05-02 22:48:43) [GET]

ActionController::RoutingError (No route matches "/sites/all/themes/drigg_theme/img/drigg_80_15.gif" with {:method=>:get}):
  

Rendering rescues/layout (not_found)


Processing ApplicationController#index (for 127.0.0.1 at 2009-05-02 22:48:43) [GET]

ActionController::RoutingError (No route matches "/img/header_titlebg.gif" with {:method=>:get}):
  

Rendering rescues/layout (not_found)


Processing SiteController#index (for 127.0.0.1 at 2009-05-02 22:48:52) [GET]
Rendering template within layouts/application
Rendering site/index
Completed in 4ms (View: 2, DB: 0) | 200 OK [http://localhost/site]


Processing ApplicationController#index (for 127.0.0.1 at 2009-05-02 22:48:52) [GET]

ActionController::RoutingError (No route matches "/sites/all/themes/drigg_theme/img/drigg_80_15.gif" with {:method=>:get}):
  

Rendering rescues/layout (not_found)


Processing ApplicationController#index (for 127.0.0.1 at 2009-05-02 22:48:52) [GET]

ActionController::RoutingError (No route matches "/img/header_titlebg.gif" with {:method=>:get}):
  

Rendering rescues/layout (not_found)


Processing ApplicationController#index (for 127.0.0.1 at 2009-05-02 22:48:52) [GET]

ActionController::RoutingError (No route matches "/misc/menu-collapsed.png" with {:method=>:get}):
  

Rendering rescues/layout (not_found)


Processing SiteController#index (for 127.0.0.1 at 2009-05-02 22:49:31) [GET]
Rendering template within layouts/application
Rendering site/index
Completed in 75ms (View: 73, DB: 0) | 200 OK [http://localhost/site]


Processing ApplicationController#index (for 127.0.0.1 at 2009-05-02 22:49:32) [GET]

ActionController::RoutingError (No route matches "/misc/menu-collapsed.png" with {:method=>:get}):
  

Rendering rescues/layout (not_found)


Processing ApplicationController#index (for 127.0.0.1 at 2009-05-02 22:49:32) [GET]

ActionController::RoutingError (No route matches "/img/header_titlebg.gif" with {:method=>:get}):
  

Rendering rescues/layout (not_found)


Processing ApplicationController#index (for 127.0.0.1 at 2009-05-02 22:49:32) [GET]

ActionController::RoutingError (No route matches "/sites/all/themes/drigg_theme/img/drigg_80_15.gif" with {:method=>:get}):
  

Rendering rescues/layout (not_found)


Processing SiteController#index (for 127.0.0.1 at 2009-05-02 22:50:23) [GET]
Rendering template within layouts/application
Rendering site/index
Completed in 12ms (View: 10, DB: 0) | 200 OK [http://localhost/site]


Processing ApplicationController#index (for 127.0.0.1 at 2009-05-02 22:50:23) [GET]

ActionController::RoutingError (No route matches "/misc/menu-collapsed.png" with {:method=>:get}):
  

Rendering rescues/layout (not_found)


Processing ApplicationController#index (for 127.0.0.1 at 2009-05-02 22:50:23) [GET]

ActionController::RoutingError (No route matches "/img/header_titlebg.gif" with {:method=>:get}):
  

Rendering rescues/layout (not_found)


Processing ApplicationController#index (for 127.0.0.1 at 2009-05-02 22:50:23) [GET]

ActionController::RoutingError (No route matches "/sites/all/themes/drigg_theme/img/drigg_80_15.gif" with {:method=>:get}):
  

Rendering rescues/layout (not_found)


Processing SiteController#index (for 127.0.0.1 at 2009-05-02 22:51:38) [GET]
Rendering template within layouts/application
Rendering site/index
Completed in 12ms (View: 10, DB: 0) | 200 OK [http://localhost/site]


Processing ApplicationController#index (for 127.0.0.1 at 2009-05-02 22:51:38) [GET]

ActionController::RoutingError (No route matches "/img/header_titlebg.gif" with {:method=>:get}):
  

Rendering rescues/layout (not_found)


Processing ApplicationController#index (for 127.0.0.1 at 2009-05-02 22:51:38) [GET]

ActionController::RoutingError (No route matches "/misc/menu-collapsed.png" with {:method=>:get}):
  

Rendering rescues/layout (not_found)


Processing SiteController#index (for 127.0.0.1 at 2009-05-09 13:16:45) [GET]
Rendering template within layouts/application
Rendering site/index
Completed in 26ms (View: 24, DB: 0) | 200 OK [http://drmax.local/]


Processing ApplicationController#index (for 127.0.0.1 at 2009-05-09 13:16:45) [GET]


Processing ApplicationController#index (for 127.0.0.1 at 2009-05-09 13:16:45) [GET]

ActionController::RoutingError (No route matches "/misc/menu-collapsed.png" with {:method=>:get}):
  passenger (2.1.2) lib/phusion_passenger/rack/request_handler.rb:65:in `process_request'
  passenger (2.1.2) lib/phusion_passenger/abstract_request_handler.rb:197:in `main_loop'
  passenger (2.1.2) lib/phusion_passenger/railz/application_spawner.rb:340:in `start_request_handler'
  passenger (2.1.2) lib/phusion_passenger/railz/application_spawner.rb:298:in `handle_spawn_application'
  passenger (2.1.2) lib/phusion_passenger/utils.rb:176:in `safe_fork'
  passenger (2.1.2) lib/phusion_passenger/railz/application_spawner.rb:296:in `handle_spawn_application'
  passenger (2.1.2) lib/phusion_passenger/abstract_server.rb:332:in `__send__'
  passenger (2.1.2) lib/phusion_passenger/abstract_server.rb:332:in `main_loop'
  passenger (2.1.2) lib/phusion_passenger/abstract_server.rb:182:in `start_synchronously'
  passenger (2.1.2) lib/phusion_passenger/abstract_server.rb:149:in `start'
  passenger (2.1.2) lib/phusion_passenger/railz/application_spawner.rb:192:in `start'
  passenger (2.1.2) lib/phusion_passenger/spawn_manager.rb:260:in `spawn_rails_application'
  passenger (2.1.2) lib/phusion_passenger/abstract_server_collection.rb:121:in `lookup_or_add'
  passenger (2.1.2) lib/phusion_passenger/spawn_manager.rb:254:in `spawn_rails_application'
  passenger (2.1.2) lib/phusion_passenger/abstract_server_collection.rb:75:in `synchronize'
  passenger (2.1.2) lib/phusion_passenger/abstract_server_collection.rb:74:in `synchronize'
  passenger (2.1.2) lib/phusion_passenger/spawn_manager.rb:253:in `spawn_rails_application'
  passenger (2.1.2) lib/phusion_passenger/spawn_manager.rb:148:in `spawn_application'
  passenger (2.1.2) lib/phusion_passenger/spawn_manager.rb:285:in `handle_spawn_application'
  passenger (2.1.2) lib/phusion_passenger/abstract_server.rb:332:in `__send__'
  passenger (2.1.2) lib/phusion_passenger/abstract_server.rb:332:in `main_loop'
  passenger (2.1.2) lib/phusion_passenger/abstract_server.rb:182:in `start_synchronously'

Rendering rescues/layout (not_found)

ActionController::RoutingError (No route matches "/img/header_titlebg.gif" with {:method=>:get}):
  passenger (2.1.2) lib/phusion_passenger/rack/request_handler.rb:65:in `process_request'
  passenger (2.1.2) lib/phusion_passenger/abstract_request_handler.rb:197:in `main_loop'
  passenger (2.1.2) lib/phusion_passenger/railz/application_spawner.rb:340:in `start_request_handler'
  passenger (2.1.2) lib/phusion_passenger/railz/application_spawner.rb:298:in `handle_spawn_application'
  passenger (2.1.2) lib/phusion_passenger/utils.rb:176:in `safe_fork'
  passenger (2.1.2) lib/phusion_passenger/railz/application_spawner.rb:296:in `handle_spawn_application'
  passenger (2.1.2) lib/phusion_passenger/abstract_server.rb:332:in `__send__'
  passenger (2.1.2) lib/phusion_passenger/abstract_server.rb:332:in `main_loop'
  passenger (2.1.2) lib/phusion_passenger/abstract_server.rb:182:in `start_synchronously'
  passenger (2.1.2) lib/phusion_passenger/abstract_server.rb:149:in `start'
  passenger (2.1.2) lib/phusion_passenger/railz/application_spawner.rb:192:in `start'
  passenger (2.1.2) lib/phusion_passenger/spawn_manager.rb:260:in `spawn_rails_application'
  passenger (2.1.2) lib/phusion_passenger/abstract_server_collection.rb:121:in `lookup_or_add'
  passenger (2.1.2) lib/phusion_passenger/spawn_manager.rb:254:in `spawn_rails_application'
  passenger (2.1.2) lib/phusion_passenger/abstract_server_collection.rb:75:in `synchronize'
  passenger (2.1.2) lib/phusion_passenger/abstract_server_collection.rb:74:in `synchronize'
  passenger (2.1.2) lib/phusion_passenger/spawn_manager.rb:253:in `spawn_rails_application'
  passenger (2.1.2) lib/phusion_passenger/spawn_manager.rb:148:in `spawn_application'
  passenger (2.1.2) lib/phusion_passenger/spawn_manager.rb:285:in `handle_spawn_application'
  passenger (2.1.2) lib/phusion_passenger/abstract_server.rb:332:in `__send__'
  passenger (2.1.2) lib/phusion_passenger/abstract_server.rb:332:in `main_loop'
  passenger (2.1.2) lib/phusion_passenger/abstract_server.rb:182:in `start_synchronously'

Rendering rescues/layout (not_found)


Processing SiteController#index (for 127.0.0.1 at 2009-05-09 21:53:06) [GET]
  [4;36;1mDiscount Load (0.0ms)[0m   [0;1mSQLite3::SQLException: no such table: discounts: SELECT * FROM "discounts" [0m

ActiveRecord::StatementInvalid (SQLite3::SQLException: no such table: discounts: SELECT * FROM "discounts" ):
  app/controllers/site_controller.rb:10:in `sidebar_data'
  app/controllers/site_controller.rb:3:in `index'
  passenger (2.1.2) lib/phusion_passenger/rack/request_handler.rb:65:in `process_request'
  passenger (2.1.2) lib/phusion_passenger/abstract_request_handler.rb:197:in `main_loop'
  passenger (2.1.2) lib/phusion_passenger/railz/application_spawner.rb:340:in `start_request_handler'
  passenger (2.1.2) lib/phusion_passenger/railz/application_spawner.rb:298:in `handle_spawn_application'
  passenger (2.1.2) lib/phusion_passenger/utils.rb:176:in `safe_fork'
  passenger (2.1.2) lib/phusion_passenger/railz/application_spawner.rb:296:in `handle_spawn_application'
  passenger (2.1.2) lib/phusion_passenger/abstract_server.rb:332:in `__send__'
  passenger (2.1.2) lib/phusion_passenger/abstract_server.rb:332:in `main_loop'
  passenger (2.1.2) lib/phusion_passenger/abstract_server.rb:182:in `start_synchronously'
  passenger (2.1.2) lib/phusion_passenger/abstract_server.rb:149:in `start'
  passenger (2.1.2) lib/phusion_passenger/railz/application_spawner.rb:192:in `start'
  passenger (2.1.2) lib/phusion_passenger/spawn_manager.rb:260:in `spawn_rails_application'
  passenger (2.1.2) lib/phusion_passenger/abstract_server_collection.rb:121:in `lookup_or_add'
  passenger (2.1.2) lib/phusion_passenger/spawn_manager.rb:254:in `spawn_rails_application'
  passenger (2.1.2) lib/phusion_passenger/abstract_server_collection.rb:75:in `synchronize'
  passenger (2.1.2) lib/phusion_passenger/abstract_server_collection.rb:74:in `synchronize'
  passenger (2.1.2) lib/phusion_passenger/spawn_manager.rb:253:in `spawn_rails_application'
  passenger (2.1.2) lib/phusion_passenger/spawn_manager.rb:148:in `spawn_application'
  passenger (2.1.2) lib/phusion_passenger/spawn_manager.rb:285:in `handle_spawn_application'
  passenger (2.1.2) lib/phusion_passenger/abstract_server.rb:332:in `__send__'
  passenger (2.1.2) lib/phusion_passenger/abstract_server.rb:332:in `main_loop'
  passenger (2.1.2) lib/phusion_passenger/abstract_server.rb:182:in `start_synchronously'

Rendered rescues/_trace (47.4ms)
Rendered rescues/_request_and_response (1.9ms)
Rendering rescues/layout (internal_server_error)


Processing SiteController#index (for 127.0.0.1 at 2009-05-10 09:44:52) [GET]
  [4;36;1mDiscount Load (0.0ms)[0m   [0;1mSQLite3::SQLException: no such table: discounts: SELECT * FROM "discounts" [0m

ActiveRecord::StatementInvalid (SQLite3::SQLException: no such table: discounts: SELECT * FROM "discounts" ):
  app/controllers/site_controller.rb:10:in `sidebar_data'
  app/controllers/site_controller.rb:3:in `index'
  passenger (2.1.2) lib/phusion_passenger/rack/request_handler.rb:65:in `process_request'
  passenger (2.1.2) lib/phusion_passenger/abstract_request_handler.rb:197:in `main_loop'
  passenger (2.1.2) lib/phusion_passenger/railz/application_spawner.rb:340:in `start_request_handler'
  passenger (2.1.2) lib/phusion_passenger/railz/application_spawner.rb:298:in `handle_spawn_application'
  passenger (2.1.2) lib/phusion_passenger/utils.rb:176:in `safe_fork'
  passenger (2.1.2) lib/phusion_passenger/railz/application_spawner.rb:296:in `handle_spawn_application'
  passenger (2.1.2) lib/phusion_passenger/abstract_server.rb:332:in `__send__'
  passenger (2.1.2) lib/phusion_passenger/abstract_server.rb:332:in `main_loop'
  passenger (2.1.2) lib/phusion_passenger/abstract_server.rb:182:in `start_synchronously'
  passenger (2.1.2) lib/phusion_passenger/abstract_server.rb:149:in `start'
  passenger (2.1.2) lib/phusion_passenger/railz/application_spawner.rb:192:in `start'
  passenger (2.1.2) lib/phusion_passenger/spawn_manager.rb:260:in `spawn_rails_application'
  passenger (2.1.2) lib/phusion_passenger/abstract_server_collection.rb:121:in `lookup_or_add'
  passenger (2.1.2) lib/phusion_passenger/spawn_manager.rb:254:in `spawn_rails_application'
  passenger (2.1.2) lib/phusion_passenger/abstract_server_collection.rb:75:in `synchronize'
  passenger (2.1.2) lib/phusion_passenger/abstract_server_collection.rb:74:in `synchronize'
  passenger (2.1.2) lib/phusion_passenger/spawn_manager.rb:253:in `spawn_rails_application'
  passenger (2.1.2) lib/phusion_passenger/spawn_manager.rb:148:in `spawn_application'
  passenger (2.1.2) lib/phusion_passenger/spawn_manager.rb:285:in `handle_spawn_application'
  passenger (2.1.2) lib/phusion_passenger/abstract_server.rb:332:in `__send__'
  passenger (2.1.2) lib/phusion_passenger/abstract_server.rb:332:in `main_loop'
  passenger (2.1.2) lib/phusion_passenger/abstract_server.rb:182:in `start_synchronously'

Rendered rescues/_trace (48.9ms)
Rendered rescues/_request_and_response (2.0ms)
Rendering rescues/layout (internal_server_error)


Processing SiteController#index (for 127.0.0.1 at 2009-05-12 13:37:10) [GET]
  [4;36;1mDiscount Load (0.0ms)[0m   [0;1mSQLite3::SQLException: no such table: discounts: SELECT * FROM "discounts" [0m

ActiveRecord::StatementInvalid (SQLite3::SQLException: no such table: discounts: SELECT * FROM "discounts" ):
  app/controllers/site_controller.rb:10:in `sidebar_data'
  app/controllers/site_controller.rb:3:in `index'
  passenger (2.1.2) lib/phusion_passenger/rack/request_handler.rb:65:in `process_request'
  passenger (2.1.2) lib/phusion_passenger/abstract_request_handler.rb:197:in `main_loop'
  passenger (2.1.2) lib/phusion_passenger/railz/application_spawner.rb:340:in `start_request_handler'
  passenger (2.1.2) lib/phusion_passenger/railz/application_spawner.rb:298:in `handle_spawn_application'
  passenger (2.1.2) lib/phusion_passenger/utils.rb:176:in `safe_fork'
  passenger (2.1.2) lib/phusion_passenger/railz/application_spawner.rb:296:in `handle_spawn_application'
  passenger (2.1.2) lib/phusion_passenger/abstract_server.rb:332:in `__send__'
  passenger (2.1.2) lib/phusion_passenger/abstract_server.rb:332:in `main_loop'
  passenger (2.1.2) lib/phusion_passenger/abstract_server.rb:182:in `start_synchronously'
  passenger (2.1.2) lib/phusion_passenger/abstract_server.rb:149:in `start'
  passenger (2.1.2) lib/phusion_passenger/railz/application_spawner.rb:192:in `start'
  passenger (2.1.2) lib/phusion_passenger/spawn_manager.rb:260:in `spawn_rails_application'
  passenger (2.1.2) lib/phusion_passenger/abstract_server_collection.rb:121:in `lookup_or_add'
  passenger (2.1.2) lib/phusion_passenger/spawn_manager.rb:254:in `spawn_rails_application'
  passenger (2.1.2) lib/phusion_passenger/abstract_server_collection.rb:75:in `synchronize'
  passenger (2.1.2) lib/phusion_passenger/abstract_server_collection.rb:74:in `synchronize'
  passenger (2.1.2) lib/phusion_passenger/spawn_manager.rb:253:in `spawn_rails_application'
  passenger (2.1.2) lib/phusion_passenger/spawn_manager.rb:148:in `spawn_application'
  passenger (2.1.2) lib/phusion_passenger/spawn_manager.rb:285:in `handle_spawn_application'
  passenger (2.1.2) lib/phusion_passenger/abstract_server.rb:332:in `__send__'
  passenger (2.1.2) lib/phusion_passenger/abstract_server.rb:332:in `main_loop'
  passenger (2.1.2) lib/phusion_passenger/abstract_server.rb:182:in `start_synchronously'

Rendered rescues/_trace (51.1ms)
Rendered rescues/_request_and_response (1.9ms)
Rendering rescues/layout (internal_server_error)
  [4;36;1mSQL (0.3ms)[0m   [0;1m SELECT name
 FROM sqlite_master
 WHERE type = 'table' AND NOT name = 'sqlite_sequence'
[0m
  [4;35;1mSQL (0.2ms)[0m   [0mselect sqlite_version(*)[0m
  [4;36;1mSQL (2.6ms)[0m   [0;1mCREATE TABLE "schema_migrations" ("version" varchar(255) NOT NULL) [0m
  [4;35;1mSQL (2.3ms)[0m   [0mCREATE UNIQUE INDEX "unique_schema_migrations" ON "schema_migrations" ("version")[0m
  [4;36;1mSQL (0.6ms)[0m   [0;1m SELECT name
 FROM sqlite_master
 WHERE type = 'table' AND NOT name = 'sqlite_sequence'
[0m
  [4;35;1mSQL (0.2ms)[0m   [0mSELECT version FROM schema_migrations[0m
Migrating to CreateDiscounts (20090509191830)
  [4;36;1mSQL (0.7ms)[0m   [0;1mCREATE TABLE "discounts" ("id" INTEGER PRIMARY KEY AUTOINCREMENT NOT NULL, "amount" varchar(255), "name" varchar(255), "caption" varchar(255), "created_at" datetime, "updated_at" datetime) [0m
  [4;35;1mSQL (0.1ms)[0m   [0mINSERT INTO schema_migrations (version) VALUES ('20090509191830')[0m
Migrating to CreateUsers (20090512205448)
  [4;36;1mSQL (0.6ms)[0m   [0;1mCREATE TABLE "users" ("id" INTEGER PRIMARY KEY AUTOINCREMENT NOT NULL, "login" varchar(255) NOT NULL, "email" varchar(255) NOT NULL, "crypted_password" varchar(255) NOT NULL, "password_salt" varchar(255) NOT NULL, "persistence_token" varchar(255) NOT NULL, "single_access_token" varchar(255) NOT NULL, "perishable_token" varchar(255) NOT NULL, "created_at" datetime, "updated_at" datetime) [0m
  [4;35;1mSQL (0.1ms)[0m   [0mINSERT INTO schema_migrations (version) VALUES ('20090512205448')[0m
  [4;36;1mSQL (0.5ms)[0m   [0;1m SELECT name
 FROM sqlite_master
 WHERE type = 'table' AND NOT name = 'sqlite_sequence'
[0m
  [4;35;1mSQL (0.2ms)[0m   [0mSELECT version FROM schema_migrations[0m
  [4;36;1mSQL (0.4ms)[0m   [0;1m SELECT name
 FROM sqlite_master
 WHERE type = 'table' AND NOT name = 'sqlite_sequence'
[0m
  [4;35;1mSQL (0.1ms)[0m   [0mPRAGMA index_list("discounts")[0m
  [4;36;1mSQL (0.1ms)[0m   [0;1mPRAGMA index_list("users")[0m


Processing SiteController#index (for 127.0.0.1 at 2009-05-12 15:28:01) [GET]
  [4;36;1mDiscount Load (0.6ms)[0m   [0;1mSELECT * FROM "discounts" [0m
Rendering template within layouts/application
Rendering site/index
Completed in 81ms (View: 73, DB: 1) | 200 OK [http://drmax.local/]


Processing ApplicationController#index (for 127.0.0.1 at 2009-05-12 15:28:01) [GET]

ActionController::RoutingError (No route matches "/img/header_titlebg.gif" with {:method=>:get}):
  passenger (2.1.2) lib/phusion_passenger/rack/request_handler.rb:65:in `process_request'
  passenger (2.1.2) lib/phusion_passenger/abstract_request_handler.rb:197:in `main_loop'
  passenger (2.1.2) lib/phusion_passenger/railz/application_spawner.rb:340:in `start_request_handler'
  passenger (2.1.2) lib/phusion_passenger/railz/application_spawner.rb:298:in `handle_spawn_application'
  passenger (2.1.2) lib/phusion_passenger/utils.rb:176:in `safe_fork'
  passenger (2.1.2) lib/phusion_passenger/railz/application_spawner.rb:296:in `handle_spawn_application'
  passenger (2.1.2) lib/phusion_passenger/abstract_server.rb:332:in `__send__'
  passenger (2.1.2) lib/phusion_passenger/abstract_server.rb:332:in `main_loop'
  passenger (2.1.2) lib/phusion_passenger/abstract_server.rb:182:in `start_synchronously'
  passenger (2.1.2) lib/phusion_passenger/abstract_server.rb:149:in `start'
  passenger (2.1.2) lib/phusion_passenger/railz/application_spawner.rb:192:in `start'
  passenger (2.1.2) lib/phusion_passenger/spawn_manager.rb:260:in `spawn_rails_application'
  passenger (2.1.2) lib/phusion_passenger/abstract_server_collection.rb:121:in `lookup_or_add'
  passenger (2.1.2) lib/phusion_passenger/spawn_manager.rb:254:in `spawn_rails_application'
  passenger (2.1.2) lib/phusion_passenger/abstract_server_collection.rb:75:in `synchronize'
  passenger (2.1.2) lib/phusion_passenger/abstract_server_collection.rb:74:in `synchronize'
  passenger (2.1.2) lib/phusion_passenger/spawn_manager.rb:253:in `spawn_rails_application'
  passenger (2.1.2) lib/phusion_passenger/spawn_manager.rb:148:in `spawn_application'
  passenger (2.1.2) lib/phusion_passenger/spawn_manager.rb:285:in `handle_spawn_application'
  passenger (2.1.2) lib/phusion_passenger/abstract_server.rb:332:in `__send__'
  passenger (2.1.2) lib/phusion_passenger/abstract_server.rb:332:in `main_loop'
  passenger (2.1.2) lib/phusion_passenger/abstract_server.rb:182:in `start_synchronously'

Rendering rescues/layout (not_found)


Processing ApplicationController#index (for 127.0.0.1 at 2009-05-12 15:28:01) [GET]

ActionController::RoutingError (No route matches "/misc/menu-collapsed.png" with {:method=>:get}):
  passenger (2.1.2) lib/phusion_passenger/rack/request_handler.rb:65:in `process_request'
  passenger (2.1.2) lib/phusion_passenger/abstract_request_handler.rb:197:in `main_loop'
  passenger (2.1.2) lib/phusion_passenger/railz/application_spawner.rb:340:in `start_request_handler'
  passenger (2.1.2) lib/phusion_passenger/railz/application_spawner.rb:298:in `handle_spawn_application'
  passenger (2.1.2) lib/phusion_passenger/utils.rb:176:in `safe_fork'
  passenger (2.1.2) lib/phusion_passenger/railz/application_spawner.rb:296:in `handle_spawn_application'
  passenger (2.1.2) lib/phusion_passenger/abstract_server.rb:332:in `__send__'
  passenger (2.1.2) lib/phusion_passenger/abstract_server.rb:332:in `main_loop'
  passenger (2.1.2) lib/phusion_passenger/abstract_server.rb:182:in `start_synchronously'
  passenger (2.1.2) lib/phusion_passenger/abstract_server.rb:149:in `start'
  passenger (2.1.2) lib/phusion_passenger/railz/application_spawner.rb:192:in `start'
  passenger (2.1.2) lib/phusion_passenger/spawn_manager.rb:260:in `spawn_rails_application'
  passenger (2.1.2) lib/phusion_passenger/abstract_server_collection.rb:121:in `lookup_or_add'
  passenger (2.1.2) lib/phusion_passenger/spawn_manager.rb:254:in `spawn_rails_application'
  passenger (2.1.2) lib/phusion_passenger/abstract_server_collection.rb:75:in `synchronize'
  passenger (2.1.2) lib/phusion_passenger/abstract_server_collection.rb:74:in `synchronize'
  passenger (2.1.2) lib/phusion_passenger/spawn_manager.rb:253:in `spawn_rails_application'
  passenger (2.1.2) lib/phusion_passenger/spawn_manager.rb:148:in `spawn_application'
  passenger (2.1.2) lib/phusion_passenger/spawn_manager.rb:285:in `handle_spawn_application'
  passenger (2.1.2) lib/phusion_passenger/abstract_server.rb:332:in `__send__'
  passenger (2.1.2) lib/phusion_passenger/abstract_server.rb:332:in `main_loop'
  passenger (2.1.2) lib/phusion_passenger/abstract_server.rb:182:in `start_synchronously'

Rendering rescues/layout (not_found)


Processing UserSessionsController#new (for 127.0.0.1 at 2009-05-12 15:28:05) [GET]
Rendering template within layouts/application
Rendering user_sessions/new

ActionView::TemplateError (Called id for nil, which would mistakenly be 4 -- if you really wanted the id of nil, use object_id) on line #3 of app/views/user_sessions/new.html.erb:
1: <h1>Login</h1>
2:  
3: <% form_for @user_session, :url => user_session_path do |f| %>
4:   <%= f.error_messages %>
5:   <%= f.label :login %><br />
6:   <%= f.text_field :login %><br />

    app/views/user_sessions/new.html.erb:3
    passenger (2.1.2) lib/phusion_passenger/rack/request_handler.rb:65:in `process_request'
    passenger (2.1.2) lib/phusion_passenger/abstract_request_handler.rb:197:in `main_loop'
    passenger (2.1.2) lib/phusion_passenger/railz/application_spawner.rb:340:in `start_request_handler'
    passenger (2.1.2) lib/phusion_passenger/railz/application_spawner.rb:298:in `handle_spawn_application'
    passenger (2.1.2) lib/phusion_passenger/utils.rb:176:in `safe_fork'
    passenger (2.1.2) lib/phusion_passenger/railz/application_spawner.rb:296:in `handle_spawn_application'
    passenger (2.1.2) lib/phusion_passenger/abstract_server.rb:332:in `__send__'
    passenger (2.1.2) lib/phusion_passenger/abstract_server.rb:332:in `main_loop'
    passenger (2.1.2) lib/phusion_passenger/abstract_server.rb:182:in `start_synchronously'
    passenger (2.1.2) lib/phusion_passenger/abstract_server.rb:149:in `start'
    passenger (2.1.2) lib/phusion_passenger/railz/application_spawner.rb:192:in `start'
    passenger (2.1.2) lib/phusion_passenger/spawn_manager.rb:260:in `spawn_rails_application'
    passenger (2.1.2) lib/phusion_passenger/abstract_server_collection.rb:121:in `lookup_or_add'
    passenger (2.1.2) lib/phusion_passenger/spawn_manager.rb:254:in `spawn_rails_application'
    passenger (2.1.2) lib/phusion_passenger/abstract_server_collection.rb:75:in `synchronize'
    passenger (2.1.2) lib/phusion_passenger/abstract_server_collection.rb:74:in `synchronize'
    passenger (2.1.2) lib/phusion_passenger/spawn_manager.rb:253:in `spawn_rails_application'
    passenger (2.1.2) lib/phusion_passenger/spawn_manager.rb:148:in `spawn_application'
    passenger (2.1.2) lib/phusion_passenger/spawn_manager.rb:285:in `handle_spawn_application'
    passenger (2.1.2) lib/phusion_passenger/abstract_server.rb:332:in `__send__'
    passenger (2.1.2) lib/phusion_passenger/abstract_server.rb:332:in `main_loop'
    passenger (2.1.2) lib/phusion_passenger/abstract_server.rb:182:in `start_synchronously'

Rendered rescues/_trace (120.6ms)
Rendered rescues/_request_and_response (1.8ms)
Rendering rescues/layout (internal_server_error)
